2024-10-26 22:26:14.248 [info] Extension host with pid 5306 started
2024-10-26 22:26:14.568 [info] ExtensionService#_doActivateExtension vscode.git-base, startup: true, activationEvent: '*', root cause: vscode.git
2024-10-26 22:26:14.602 [info] ExtensionService#_doActivateExtension vscode.npm, startup: true, activationEvent: 'workspaceContains:package.json'
2024-10-26 22:26:14.777 [info] Lock '/home/yafily/.vscode-server/data/User/workspaceStorage/b1fb22b6f7563959d24f5d9308616cfe/vscode.lock': Lock acquired.
2024-10-26 22:26:15.201 [info] ExtensionService#_doActivateExtension vscode.git, startup: true, activationEvent: '*'
2024-10-26 22:26:15.202 [info] ExtensionService#_doActivateExtension vscode.github, startup: true, activationEvent: '*'
2024-10-26 22:26:17.187 [info] Eager extensions activated
2024-10-26 22:26:17.188 [info] ExtensionService#_doActivateExtension vscode.debug-auto-launch, startup: false, activationEvent: 'onStartupFinished'
2024-10-26 22:26:17.189 [info] ExtensionService#_doActivateExtension vscode.merge-conflict, startup: false, activationEvent: 'onStartupFinished'
2024-10-26 22:26:18.480 [info] ExtensionService#_doActivateExtension vscode.emmet, startup: false, activationEvent: 'onLanguage'
2024-10-26 22:26:22.595 [info] ExtensionService#_doActivateExtension vscode.configuration-editing, startup: false, activationEvent: 'onLanguage:json'
2024-10-26 22:26:22.608 [info] ExtensionService#_doActivateExtension vscode.extension-editing, startup: false, activationEvent: 'onLanguage:json'
2024-10-26 22:26:22.609 [info] ExtensionService#_doActivateExtension vscode.json-language-features, startup: false, activationEvent: 'onLanguage:json'
2024-10-26 22:27:49.985 [info] ExtensionService#_doActivateExtension vscode.tunnel-forwarding, startup: false, activationEvent: 'onTunnel'
2024-10-26 22:28:52.605 [error] Error: spawn git ENOENT
	at ChildProcess._handle.onexit (node:internal/child_process:286:19)
	at onErrorNT (node:internal/child_process:484:16)
	at process.processTicksAndRejections (node:internal/process/task_queues:82:21)
2024-10-26 22:28:53.609 [error] Error: spawn git ENOENT
	at ChildProcess._handle.onexit (node:internal/child_process:286:19)
	at onErrorNT (node:internal/child_process:484:16)
	at process.processTicksAndRejections (node:internal/process/task_queues:82:21)
2024-10-26 22:34:36.223 [error] Error: spawn git ENOENT
	at ChildProcess._handle.onexit (node:internal/child_process:286:19)
	at onErrorNT (node:internal/child_process:484:16)
	at process.processTicksAndRejections (node:internal/process/task_queues:82:21)
2024-10-26 22:34:37.230 [error] Error: spawn git ENOENT
	at ChildProcess._handle.onexit (node:internal/child_process:286:19)
	at onErrorNT (node:internal/child_process:484:16)
	at process.processTicksAndRejections (node:internal/process/task_queues:82:21)
2024-10-26 22:35:24.899 [info] ExtensionService#_doActivateExtension vscode.typescript-language-features, startup: false, activationEvent: 'onLanguage:javascript'
2024-10-26 23:11:13.688 [info] ExtensionService#_doActivateExtension vscode.php-language-features, startup: false, activationEvent: 'onLanguage:php'
2024-10-26 23:26:53.951 [info] ExtensionService#_doActivateExtension vscode.html-language-features, startup: false, activationEvent: 'onLanguage:html'
2024-10-26 23:43:46.482 [info] Extension host terminating: received terminate message from renderer
2024-10-26 23:43:46.493 [info] Lock '/home/yafily/.vscode-server/data/User/workspaceStorage/b1fb22b6f7563959d24f5d9308616cfe/vscode.lock': Marking the lockfile as scheduled to be released in 6000 ms.
2024-10-26 23:43:47.128 [error] Canceled: Canceled
	at new eA (file:///home/yafily/.vscode-server/bin/384ff7382de624fb94dbaf6da11977bba1ecd427/out/vs/workbench/api/node/extensionHostProcess.js:31:151177)
	at Zb.U (file:///home/yafily/.vscode-server/bin/384ff7382de624fb94dbaf6da11977bba1ecd427/out/vs/workbench/api/node/extensionHostProcess.js:31:155789)
	at s.<computed>.n.charCodeAt.s.<computed> (file:///home/yafily/.vscode-server/bin/384ff7382de624fb94dbaf6da11977bba1ecd427/out/vs/workbench/api/node/extensionHostProcess.js:31:153283)
	at T0.g (file:///home/yafily/.vscode-server/bin/384ff7382de624fb94dbaf6da11977bba1ecd427/out/vs/workbench/api/node/extensionHostProcess.js:114:32325)
	at T0.executeCommand (file:///home/yafily/.vscode-server/bin/384ff7382de624fb94dbaf6da11977bba1ecd427/out/vs/workbench/api/node/extensionHostProcess.js:114:31826)
	at r.registerCommand.description (file:///home/yafily/.vscode-server/bin/384ff7382de624fb94dbaf6da11977bba1ecd427/out/vs/workbench/api/node/extensionHostProcess.js:114:31156)
	at T0.h (file:///home/yafily/.vscode-server/bin/384ff7382de624fb94dbaf6da11977bba1ecd427/out/vs/workbench/api/node/extensionHostProcess.js:114:32845)
	at T0.g (file:///home/yafily/.vscode-server/bin/384ff7382de624fb94dbaf6da11977bba1ecd427/out/vs/workbench/api/node/extensionHostProcess.js:114:31919)
	at T0.executeCommand (file:///home/yafily/.vscode-server/bin/384ff7382de624fb94dbaf6da11977bba1ecd427/out/vs/workbench/api/node/extensionHostProcess.js:114:31826)
	at Object.executeCommand (file:///home/yafily/.vscode-server/bin/384ff7382de624fb94dbaf6da11977bba1ecd427/out/vs/workbench/api/node/extensionHostProcess.js:156:37049)
	at gh.O [as value] (/home/yafily/.vscode-server/bin/384ff7382de624fb94dbaf6da11977bba1ecd427/extensions/git/dist/main.js:2:953034)
	at T.B (file:///home/yafily/.vscode-server/bin/384ff7382de624fb94dbaf6da11977bba1ecd427/out/vs/workbench/api/node/extensionHostProcess.js:29:732)
	at T.C (file:///home/yafily/.vscode-server/bin/384ff7382de624fb94dbaf6da11977bba1ecd427/out/vs/workbench/api/node/extensionHostProcess.js:29:802)
	at T.fire (file:///home/yafily/.vscode-server/bin/384ff7382de624fb94dbaf6da11977bba1ecd427/out/vs/workbench/api/node/extensionHostProcess.js:29:1019)
	at Object.p [as dispose] (/home/yafily/.vscode-server/bin/384ff7382de624fb94dbaf6da11977bba1ecd427/extensions/git/dist/main.js:2:973612)
	at /home/yafily/.vscode-server/bin/384ff7382de624fb94dbaf6da11977bba1ecd427/extensions/git/dist/main.js:2:979734
	at Array.forEach (<anonymous>)
	at f.dispose (/home/yafily/.vscode-server/bin/384ff7382de624fb94dbaf6da11977bba1ecd427/extensions/git/dist/main.js:2:979720)
	at D1.<anonymous> (file:///home/yafily/.vscode-server/bin/384ff7382de624fb94dbaf6da11977bba1ecd427/out/vs/workbench/api/node/extensionHostProcess.js:108:19996)
	at D1.dispose (file:///home/yafily/.vscode-server/bin/384ff7382de624fb94dbaf6da11977bba1ecd427/out/vs/workbench/api/node/extensionHostProcess.js:108:20092)
	at D1.<anonymous> (/home/yafily/.vscode-server/bin/384ff7382de624fb94dbaf6da11977bba1ecd427/extensions/git/dist/main.js:2:955332)
	at D1.dispose (file:///home/yafily/.vscode-server/bin/384ff7382de624fb94dbaf6da11977bba1ecd427/out/vs/workbench/api/node/extensionHostProcess.js:108:20092)
	at Si (file:///home/yafily/.vscode-server/bin/384ff7382de624fb94dbaf6da11977bba1ecd427/out/vs/workbench/api/node/extensionHostProcess.js:24:701)
	at file:///home/yafily/.vscode-server/bin/384ff7382de624fb94dbaf6da11977bba1ecd427/out/vs/workbench/api/node/extensionHostProcess.js:118:14995
	at file:///home/yafily/.vscode-server/bin/384ff7382de624fb94dbaf6da11977bba1ecd427/out/vs/workbench/api/node/extensionHostProcess.js:24:1011
	at Object.dispose (file:///home/yafily/.vscode-server/bin/384ff7382de624fb94dbaf6da11977bba1ecd427/out/vs/workbench/api/node/extensionHostProcess.js:7:2146)
	at hB.eb (file:///home/yafily/.vscode-server/bin/384ff7382de624fb94dbaf6da11977bba1ecd427/out/vs/workbench/api/node/extensionHostProcess.js:118:11922)
	at file:///home/yafily/.vscode-server/bin/384ff7382de624fb94dbaf6da11977bba1ecd427/out/vs/workbench/api/node/extensionHostProcess.js:118:9877
	at Array.map (<anonymous>)
	at hB.$ (file:///home/yafily/.vscode-server/bin/384ff7382de624fb94dbaf6da11977bba1ecd427/out/vs/workbench/api/node/extensionHostProcess.js:118:9865)
	at hB.terminate (file:///home/yafily/.vscode-server/bin/384ff7382de624fb94dbaf6da11977bba1ecd427/out/vs/workbench/api/node/extensionHostProcess.js:118:10108)
	at M3.terminate (file:///home/yafily/.vscode-server/bin/384ff7382de624fb94dbaf6da11977bba1ecd427/out/vs/workbench/api/node/extensionHostProcess.js:119:1424)
	at ps (file:///home/yafily/.vscode-server/bin/384ff7382de624fb94dbaf6da11977bba1ecd427/out/vs/workbench/api/node/extensionHostProcess.js:174:15058)
	at gh.value (file:///home/yafily/.vscode-server/bin/384ff7382de624fb94dbaf6da11977bba1ecd427/out/vs/workbench/api/node/extensionHostProcess.js:174:13218)
	at T.B (file:///home/yafily/.vscode-server/bin/384ff7382de624fb94dbaf6da11977bba1ecd427/out/vs/workbench/api/node/extensionHostProcess.js:29:732)
	at T.fire (file:///home/yafily/.vscode-server/bin/384ff7382de624fb94dbaf6da11977bba1ecd427/out/vs/workbench/api/node/extensionHostProcess.js:29:950)
	at no.fire (file:///home/yafily/.vscode-server/bin/384ff7382de624fb94dbaf6da11977bba1ecd427/out/vs/workbench/api/node/extensionHostProcess.js:31:9399)
	at Im.A (file:///home/yafily/.vscode-server/bin/384ff7382de624fb94dbaf6da11977bba1ecd427/out/vs/workbench/api/node/extensionHostProcess.js:31:12515)
	at gh.value (file:///home/yafily/.vscode-server/bin/384ff7382de624fb94dbaf6da11977bba1ecd427/out/vs/workbench/api/node/extensionHostProcess.js:31:10935)
	at T.B (file:///home/yafily/.vscode-server/bin/384ff7382de624fb94dbaf6da11977bba1ecd427/out/vs/workbench/api/node/extensionHostProcess.js:29:732)
	at T.fire (file:///home/yafily/.vscode-server/bin/384ff7382de624fb94dbaf6da11977bba1ecd427/out/vs/workbench/api/node/extensionHostProcess.js:29:950)
	at m5.acceptChunk (file:///home/yafily/.vscode-server/bin/384ff7382de624fb94dbaf6da11977bba1ecd427/out/vs/workbench/api/node/extensionHostProcess.js:31:7880)
	at gh.value (file:///home/yafily/.vscode-server/bin/384ff7382de624fb94dbaf6da11977bba1ecd427/out/vs/workbench/api/node/extensionHostProcess.js:31:7166)
	at T.B (file:///home/yafily/.vscode-server/bin/384ff7382de624fb94dbaf6da11977bba1ecd427/out/vs/workbench/api/node/extensionHostProcess.js:29:732)
	at T.fire (file:///home/yafily/.vscode-server/bin/384ff7382de624fb94dbaf6da11977bba1ecd427/out/vs/workbench/api/node/extensionHostProcess.js:29:950)
	at _2.z (file:///home/yafily/.vscode-server/bin/384ff7382de624fb94dbaf6da11977bba1ecd427/out/vs/workbench/api/node/extensionHostProcess.js:31:21892)
	at _2.acceptFrame (file:///home/yafily/.vscode-server/bin/384ff7382de624fb94dbaf6da11977bba1ecd427/out/vs/workbench/api/node/extensionHostProcess.js:31:21698)
	at z2.n (file:///home/yafily/.vscode-server/bin/384ff7382de624fb94dbaf6da11977bba1ecd427/out/vs/workbench/api/node/extensionHostProcess.js:31:20224)
	at file:///home/yafily/.vscode-server/bin/384ff7382de624fb94dbaf6da11977bba1ecd427/out/vs/workbench/api/node/extensionHostProcess.js:31:17454
	at Socket.t (file:///home/yafily/.vscode-server/bin/384ff7382de624fb94dbaf6da11977bba1ecd427/out/vs/workbench/api/node/extensionHostProcess.js:31:15393)
	at Socket.emit (node:events:519:28)
	at addChunk (node:internal/streams/readable:559:12)
	at readableAddChunkPushByteMode (node:internal/streams/readable:510:3)
	at Readable.push (node:internal/streams/readable:390:5)
	at TCP.onStreamRead (node:internal/stream_base_commons:191:23) setContext undefined
2024-10-26 23:43:47.162 [error] Canceled: Canceled
	at new eA (file:///home/yafily/.vscode-server/bin/384ff7382de624fb94dbaf6da11977bba1ecd427/out/vs/workbench/api/node/extensionHostProcess.js:31:151177)
	at Zb.U (file:///home/yafily/.vscode-server/bin/384ff7382de624fb94dbaf6da11977bba1ecd427/out/vs/workbench/api/node/extensionHostProcess.js:31:155789)
	at s.<computed>.n.charCodeAt.s.<computed> (file:///home/yafily/.vscode-server/bin/384ff7382de624fb94dbaf6da11977bba1ecd427/out/vs/workbench/api/node/extensionHostProcess.js:31:153283)
	at T0.g (file:///home/yafily/.vscode-server/bin/384ff7382de624fb94dbaf6da11977bba1ecd427/out/vs/workbench/api/node/extensionHostProcess.js:114:32325)
	at T0.executeCommand (file:///home/yafily/.vscode-server/bin/384ff7382de624fb94dbaf6da11977bba1ecd427/out/vs/workbench/api/node/extensionHostProcess.js:114:31826)
	at r.registerCommand.description (file:///home/yafily/.vscode-server/bin/384ff7382de624fb94dbaf6da11977bba1ecd427/out/vs/workbench/api/node/extensionHostProcess.js:114:31156)
	at T0.h (file:///home/yafily/.vscode-server/bin/384ff7382de624fb94dbaf6da11977bba1ecd427/out/vs/workbench/api/node/extensionHostProcess.js:114:32845)
	at T0.g (file:///home/yafily/.vscode-server/bin/384ff7382de624fb94dbaf6da11977bba1ecd427/out/vs/workbench/api/node/extensionHostProcess.js:114:31919)
	at T0.executeCommand (file:///home/yafily/.vscode-server/bin/384ff7382de624fb94dbaf6da11977bba1ecd427/out/vs/workbench/api/node/extensionHostProcess.js:114:31826)
	at Object.executeCommand (file:///home/yafily/.vscode-server/bin/384ff7382de624fb94dbaf6da11977bba1ecd427/out/vs/workbench/api/node/extensionHostProcess.js:156:37049)
	at gh.O [as value] (/home/yafily/.vscode-server/bin/384ff7382de624fb94dbaf6da11977bba1ecd427/extensions/git/dist/main.js:2:953034)
	at T.B (file:///home/yafily/.vscode-server/bin/384ff7382de624fb94dbaf6da11977bba1ecd427/out/vs/workbench/api/node/extensionHostProcess.js:29:732)
	at T.C (file:///home/yafily/.vscode-server/bin/384ff7382de624fb94dbaf6da11977bba1ecd427/out/vs/workbench/api/node/extensionHostProcess.js:29:802)
	at T.fire (file:///home/yafily/.vscode-server/bin/384ff7382de624fb94dbaf6da11977bba1ecd427/out/vs/workbench/api/node/extensionHostProcess.js:29:1019)
	at Object.p [as dispose] (/home/yafily/.vscode-server/bin/384ff7382de624fb94dbaf6da11977bba1ecd427/extensions/git/dist/main.js:2:973612)
	at /home/yafily/.vscode-server/bin/384ff7382de624fb94dbaf6da11977bba1ecd427/extensions/git/dist/main.js:2:979734
	at Array.forEach (<anonymous>)
	at f.dispose (/home/yafily/.vscode-server/bin/384ff7382de624fb94dbaf6da11977bba1ecd427/extensions/git/dist/main.js:2:979720)
	at D1.<anonymous> (file:///home/yafily/.vscode-server/bin/384ff7382de624fb94dbaf6da11977bba1ecd427/out/vs/workbench/api/node/extensionHostProcess.js:108:19996)
	at D1.dispose (file:///home/yafily/.vscode-server/bin/384ff7382de624fb94dbaf6da11977bba1ecd427/out/vs/workbench/api/node/extensionHostProcess.js:108:20092)
	at D1.<anonymous> (/home/yafily/.vscode-server/bin/384ff7382de624fb94dbaf6da11977bba1ecd427/extensions/git/dist/main.js:2:955332)
	at D1.dispose (file:///home/yafily/.vscode-server/bin/384ff7382de624fb94dbaf6da11977bba1ecd427/out/vs/workbench/api/node/extensionHostProcess.js:108:20092)
	at Si (file:///home/yafily/.vscode-server/bin/384ff7382de624fb94dbaf6da11977bba1ecd427/out/vs/workbench/api/node/extensionHostProcess.js:24:701)
	at file:///home/yafily/.vscode-server/bin/384ff7382de624fb94dbaf6da11977bba1ecd427/out/vs/workbench/api/node/extensionHostProcess.js:118:14995
	at file:///home/yafily/.vscode-server/bin/384ff7382de624fb94dbaf6da11977bba1ecd427/out/vs/workbench/api/node/extensionHostProcess.js:24:1011
	at Object.dispose (file:///home/yafily/.vscode-server/bin/384ff7382de624fb94dbaf6da11977bba1ecd427/out/vs/workbench/api/node/extensionHostProcess.js:7:2146)
	at hB.eb (file:///home/yafily/.vscode-server/bin/384ff7382de624fb94dbaf6da11977bba1ecd427/out/vs/workbench/api/node/extensionHostProcess.js:118:11922)
	at file:///home/yafily/.vscode-server/bin/384ff7382de624fb94dbaf6da11977bba1ecd427/out/vs/workbench/api/node/extensionHostProcess.js:118:9877
	at Array.map (<anonymous>)
	at hB.$ (file:///home/yafily/.vscode-server/bin/384ff7382de624fb94dbaf6da11977bba1ecd427/out/vs/workbench/api/node/extensionHostProcess.js:118:9865)
	at hB.terminate (file:///home/yafily/.vscode-server/bin/384ff7382de624fb94dbaf6da11977bba1ecd427/out/vs/workbench/api/node/extensionHostProcess.js:118:10108)
	at M3.terminate (file:///home/yafily/.vscode-server/bin/384ff7382de624fb94dbaf6da11977bba1ecd427/out/vs/workbench/api/node/extensionHostProcess.js:119:1424)
	at ps (file:///home/yafily/.vscode-server/bin/384ff7382de624fb94dbaf6da11977bba1ecd427/out/vs/workbench/api/node/extensionHostProcess.js:174:15058)
	at gh.value (file:///home/yafily/.vscode-server/bin/384ff7382de624fb94dbaf6da11977bba1ecd427/out/vs/workbench/api/node/extensionHostProcess.js:174:13218)
	at T.B (file:///home/yafily/.vscode-server/bin/384ff7382de624fb94dbaf6da11977bba1ecd427/out/vs/workbench/api/node/extensionHostProcess.js:29:732)
	at T.fire (file:///home/yafily/.vscode-server/bin/384ff7382de624fb94dbaf6da11977bba1ecd427/out/vs/workbench/api/node/extensionHostProcess.js:29:950)
	at no.fire (file:///home/yafily/.vscode-server/bin/384ff7382de624fb94dbaf6da11977bba1ecd427/out/vs/workbench/api/node/extensionHostProcess.js:31:9399)
	at Im.A (file:///home/yafily/.vscode-server/bin/384ff7382de624fb94dbaf6da11977bba1ecd427/out/vs/workbench/api/node/extensionHostProcess.js:31:12515)
	at gh.value (file:///home/yafily/.vscode-server/bin/384ff7382de624fb94dbaf6da11977bba1ecd427/out/vs/workbench/api/node/extensionHostProcess.js:31:10935)
	at T.B (file:///home/yafily/.vscode-server/bin/384ff7382de624fb94dbaf6da11977bba1ecd427/out/vs/workbench/api/node/extensionHostProcess.js:29:732)
	at T.fire (file:///home/yafily/.vscode-server/bin/384ff7382de624fb94dbaf6da11977bba1ecd427/out/vs/workbench/api/node/extensionHostProcess.js:29:950)
	at m5.acceptChunk (file:///home/yafily/.vscode-server/bin/384ff7382de624fb94dbaf6da11977bba1ecd427/out/vs/workbench/api/node/extensionHostProcess.js:31:7880)
	at gh.value (file:///home/yafily/.vscode-server/bin/384ff7382de624fb94dbaf6da11977bba1ecd427/out/vs/workbench/api/node/extensionHostProcess.js:31:7166)
	at T.B (file:///home/yafily/.vscode-server/bin/384ff7382de624fb94dbaf6da11977bba1ecd427/out/vs/workbench/api/node/extensionHostProcess.js:29:732)
	at T.fire (file:///home/yafily/.vscode-server/bin/384ff7382de624fb94dbaf6da11977bba1ecd427/out/vs/workbench/api/node/extensionHostProcess.js:29:950)
	at _2.z (file:///home/yafily/.vscode-server/bin/384ff7382de624fb94dbaf6da11977bba1ecd427/out/vs/workbench/api/node/extensionHostProcess.js:31:21892)
	at _2.acceptFrame (file:///home/yafily/.vscode-server/bin/384ff7382de624fb94dbaf6da11977bba1ecd427/out/vs/workbench/api/node/extensionHostProcess.js:31:21698)
	at z2.n (file:///home/yafily/.vscode-server/bin/384ff7382de624fb94dbaf6da11977bba1ecd427/out/vs/workbench/api/node/extensionHostProcess.js:31:20224)
	at file:///home/yafily/.vscode-server/bin/384ff7382de624fb94dbaf6da11977bba1ecd427/out/vs/workbench/api/node/extensionHostProcess.js:31:17454
	at Socket.t (file:///home/yafily/.vscode-server/bin/384ff7382de624fb94dbaf6da11977bba1ecd427/out/vs/workbench/api/node/extensionHostProcess.js:31:15393)
	at Socket.emit (node:events:519:28)
	at addChunk (node:internal/streams/readable:559:12)
	at readableAddChunkPushByteMode (node:internal/streams/readable:510:3)
	at Readable.push (node:internal/streams/readable:390:5)
	at TCP.onStreamRead (node:internal/stream_base_commons:191:23) setContext undefined
2024-10-26 23:43:47.165 [error] Canceled: Canceled
	at new eA (file:///home/yafily/.vscode-server/bin/384ff7382de624fb94dbaf6da11977bba1ecd427/out/vs/workbench/api/node/extensionHostProcess.js:31:151177)
	at Zb.U (file:///home/yafily/.vscode-server/bin/384ff7382de624fb94dbaf6da11977bba1ecd427/out/vs/workbench/api/node/extensionHostProcess.js:31:155789)
	at s.<computed>.n.charCodeAt.s.<computed> (file:///home/yafily/.vscode-server/bin/384ff7382de624fb94dbaf6da11977bba1ecd427/out/vs/workbench/api/node/extensionHostProcess.js:31:153283)
	at T0.g (file:///home/yafily/.vscode-server/bin/384ff7382de624fb94dbaf6da11977bba1ecd427/out/vs/workbench/api/node/extensionHostProcess.js:114:32325)
	at T0.executeCommand (file:///home/yafily/.vscode-server/bin/384ff7382de624fb94dbaf6da11977bba1ecd427/out/vs/workbench/api/node/extensionHostProcess.js:114:31826)
	at r.registerCommand.description (file:///home/yafily/.vscode-server/bin/384ff7382de624fb94dbaf6da11977bba1ecd427/out/vs/workbench/api/node/extensionHostProcess.js:114:31156)
	at T0.h (file:///home/yafily/.vscode-server/bin/384ff7382de624fb94dbaf6da11977bba1ecd427/out/vs/workbench/api/node/extensionHostProcess.js:114:32845)
	at T0.g (file:///home/yafily/.vscode-server/bin/384ff7382de624fb94dbaf6da11977bba1ecd427/out/vs/workbench/api/node/extensionHostProcess.js:114:31919)
	at T0.executeCommand (file:///home/yafily/.vscode-server/bin/384ff7382de624fb94dbaf6da11977bba1ecd427/out/vs/workbench/api/node/extensionHostProcess.js:114:31826)
	at Object.executeCommand (file:///home/yafily/.vscode-server/bin/384ff7382de624fb94dbaf6da11977bba1ecd427/out/vs/workbench/api/node/extensionHostProcess.js:156:37049)
	at set hasGitHubRepositories [as hasGitHubRepositories] (/home/yafily/.vscode-server/bin/384ff7382de624fb94dbaf6da11977bba1ecd427/extensions/github/dist/extension.js:2:321578)
	at /home/yafily/.vscode-server/bin/384ff7382de624fb94dbaf6da11977bba1ecd427/extensions/github/dist/extension.js:2:322537
	at gh.value (/home/yafily/.vscode-server/bin/384ff7382de624fb94dbaf6da11977bba1ecd427/extensions/git/dist/main.js:2:1061875)
	at T.B (file:///home/yafily/.vscode-server/bin/384ff7382de624fb94dbaf6da11977bba1ecd427/out/vs/workbench/api/node/extensionHostProcess.js:29:732)
	at T.C (file:///home/yafily/.vscode-server/bin/384ff7382de624fb94dbaf6da11977bba1ecd427/out/vs/workbench/api/node/extensionHostProcess.js:29:802)
	at T.fire (file:///home/yafily/.vscode-server/bin/384ff7382de624fb94dbaf6da11977bba1ecd427/out/vs/workbench/api/node/extensionHostProcess.js:29:1019)
	at Object.p [as dispose] (/home/yafily/.vscode-server/bin/384ff7382de624fb94dbaf6da11977bba1ecd427/extensions/git/dist/main.js:2:973612)
	at /home/yafily/.vscode-server/bin/384ff7382de624fb94dbaf6da11977bba1ecd427/extensions/git/dist/main.js:2:979734
	at Array.forEach (<anonymous>)
	at f.dispose (/home/yafily/.vscode-server/bin/384ff7382de624fb94dbaf6da11977bba1ecd427/extensions/git/dist/main.js:2:979720)
	at D1.<anonymous> (file:///home/yafily/.vscode-server/bin/384ff7382de624fb94dbaf6da11977bba1ecd427/out/vs/workbench/api/node/extensionHostProcess.js:108:19996)
	at D1.dispose (file:///home/yafily/.vscode-server/bin/384ff7382de624fb94dbaf6da11977bba1ecd427/out/vs/workbench/api/node/extensionHostProcess.js:108:20092)
	at D1.<anonymous> (/home/yafily/.vscode-server/bin/384ff7382de624fb94dbaf6da11977bba1ecd427/extensions/git/dist/main.js:2:955332)
	at D1.dispose (file:///home/yafily/.vscode-server/bin/384ff7382de624fb94dbaf6da11977bba1ecd427/out/vs/workbench/api/node/extensionHostProcess.js:108:20092)
	at Si (file:///home/yafily/.vscode-server/bin/384ff7382de624fb94dbaf6da11977bba1ecd427/out/vs/workbench/api/node/extensionHostProcess.js:24:701)
	at file:///home/yafily/.vscode-server/bin/384ff7382de624fb94dbaf6da11977bba1ecd427/out/vs/workbench/api/node/extensionHostProcess.js:118:14995
	at file:///home/yafily/.vscode-server/bin/384ff7382de624fb94dbaf6da11977bba1ecd427/out/vs/workbench/api/node/extensionHostProcess.js:24:1011
	at Object.dispose (file:///home/yafily/.vscode-server/bin/384ff7382de624fb94dbaf6da11977bba1ecd427/out/vs/workbench/api/node/extensionHostProcess.js:7:2146)
	at hB.eb (file:///home/yafily/.vscode-server/bin/384ff7382de624fb94dbaf6da11977bba1ecd427/out/vs/workbench/api/node/extensionHostProcess.js:118:11922)
	at file:///home/yafily/.vscode-server/bin/384ff7382de624fb94dbaf6da11977bba1ecd427/out/vs/workbench/api/node/extensionHostProcess.js:118:9877
	at Array.map (<anonymous>)
	at hB.$ (file:///home/yafily/.vscode-server/bin/384ff7382de624fb94dbaf6da11977bba1ecd427/out/vs/workbench/api/node/extensionHostProcess.js:118:9865)
	at hB.terminate (file:///home/yafily/.vscode-server/bin/384ff7382de624fb94dbaf6da11977bba1ecd427/out/vs/workbench/api/node/extensionHostProcess.js:118:10108)
	at M3.terminate (file:///home/yafily/.vscode-server/bin/384ff7382de624fb94dbaf6da11977bba1ecd427/out/vs/workbench/api/node/extensionHostProcess.js:119:1424)
	at ps (file:///home/yafily/.vscode-server/bin/384ff7382de624fb94dbaf6da11977bba1ecd427/out/vs/workbench/api/node/extensionHostProcess.js:174:15058)
	at gh.value (file:///home/yafily/.vscode-server/bin/384ff7382de624fb94dbaf6da11977bba1ecd427/out/vs/workbench/api/node/extensionHostProcess.js:174:13218)
	at T.B (file:///home/yafily/.vscode-server/bin/384ff7382de624fb94dbaf6da11977bba1ecd427/out/vs/workbench/api/node/extensionHostProcess.js:29:732)
	at T.fire (file:///home/yafily/.vscode-server/bin/384ff7382de624fb94dbaf6da11977bba1ecd427/out/vs/workbench/api/node/extensionHostProcess.js:29:950)
	at no.fire (file:///home/yafily/.vscode-server/bin/384ff7382de624fb94dbaf6da11977bba1ecd427/out/vs/workbench/api/node/extensionHostProcess.js:31:9399)
	at Im.A (file:///home/yafily/.vscode-server/bin/384ff7382de624fb94dbaf6da11977bba1ecd427/out/vs/workbench/api/node/extensionHostProcess.js:31:12515)
	at gh.value (file:///home/yafily/.vscode-server/bin/384ff7382de624fb94dbaf6da11977bba1ecd427/out/vs/workbench/api/node/extensionHostProcess.js:31:10935)
	at T.B (file:///home/yafily/.vscode-server/bin/384ff7382de624fb94dbaf6da11977bba1ecd427/out/vs/workbench/api/node/extensionHostProcess.js:29:732)
	at T.fire (file:///home/yafily/.vscode-server/bin/384ff7382de624fb94dbaf6da11977bba1ecd427/out/vs/workbench/api/node/extensionHostProcess.js:29:950)
	at m5.acceptChunk (file:///home/yafily/.vscode-server/bin/384ff7382de624fb94dbaf6da11977bba1ecd427/out/vs/workbench/api/node/extensionHostProcess.js:31:7880)
	at gh.value (file:///home/yafily/.vscode-server/bin/384ff7382de624fb94dbaf6da11977bba1ecd427/out/vs/workbench/api/node/extensionHostProcess.js:31:7166)
	at T.B (file:///home/yafily/.vscode-server/bin/384ff7382de624fb94dbaf6da11977bba1ecd427/out/vs/workbench/api/node/extensionHostProcess.js:29:732)
	at T.fire (file:///home/yafily/.vscode-server/bin/384ff7382de624fb94dbaf6da11977bba1ecd427/out/vs/workbench/api/node/extensionHostProcess.js:29:950)
	at _2.z (file:///home/yafily/.vscode-server/bin/384ff7382de624fb94dbaf6da11977bba1ecd427/out/vs/workbench/api/node/extensionHostProcess.js:31:21892)
	at _2.acceptFrame (file:///home/yafily/.vscode-server/bin/384ff7382de624fb94dbaf6da11977bba1ecd427/out/vs/workbench/api/node/extensionHostProcess.js:31:21698)
	at z2.n (file:///home/yafily/.vscode-server/bin/384ff7382de624fb94dbaf6da11977bba1ecd427/out/vs/workbench/api/node/extensionHostProcess.js:31:20224)
	at file:///home/yafily/.vscode-server/bin/384ff7382de624fb94dbaf6da11977bba1ecd427/out/vs/workbench/api/node/extensionHostProcess.js:31:17454
	at Socket.t (file:///home/yafily/.vscode-server/bin/384ff7382de624fb94dbaf6da11977bba1ecd427/out/vs/workbench/api/node/extensionHostProcess.js:31:15393)
	at Socket.emit (node:events:519:28)
	at addChunk (node:internal/streams/readable:559:12)
	at readableAddChunkPushByteMode (node:internal/streams/readable:510:3)
	at Readable.push (node:internal/streams/readable:390:5)
	at TCP.onStreamRead (node:internal/stream_base_commons:191:23) setContext undefined
2024-10-26 23:43:47.195 [info] Extension host with pid 5306 exiting with code 0
