2024-10-30 14:31:23.039 [info] [main] Niveau du journal : Info
2024-10-30 14:31:23.040 [info] [main] Validation du git trouvé dans : «git»
2024-10-30 14:31:23.040 [info] [main] Utilisation de git "2.43.0" de "git»
2024-10-30 14:31:23.040 [info] [Model][doInitialScan] Initial repository scan started
2024-10-30 14:31:23.070 [info] > git rev-parse --show-toplevel [14ms]
2024-10-30 14:31:23.070 [info] fatal: not a git repository (or any of the parent directories): .git
2024-10-30 14:31:23.078 [info] > git rev-parse --show-toplevel [3ms]
2024-10-30 14:31:23.079 [info] fatal: not a git repository (or any of the parent directories): .git
2024-10-30 14:31:23.095 [info] > git rev-parse --show-toplevel [2ms]
2024-10-30 14:31:23.095 [info] fatal: not a git repository (or any of the parent directories): .git
2024-10-30 14:31:23.115 [info] [Model][doInitialScan] Initial repository scan completed - repositories (0), closed repositories (0), parent repositories (0), unsafe repositories (0)
2024-10-30 14:31:26.092 [info] > git rev-parse --show-toplevel [3ms]
2024-10-30 14:31:26.092 [info] fatal: not a git repository (or any of the parent directories): .git
2024-10-30 14:31:29.667 [info] > git rev-parse --show-toplevel [9ms]
2024-10-30 14:31:29.667 [info] fatal: not a git repository (or any of the parent directories): .git
2024-10-30 14:31:36.381 [info] > git rev-parse --show-toplevel [4ms]
2024-10-30 14:31:36.381 [info] fatal: not a git repository (or any of the parent directories): .git
2024-10-30 14:31:44.906 [info] > git rev-parse --show-toplevel [12ms]
2024-10-30 14:31:44.906 [info] fatal: not a git repository (or any of the parent directories): .git
2024-10-30 14:31:53.892 [info] > git rev-parse --show-toplevel [15ms]
2024-10-30 14:31:53.892 [info] fatal: not a git repository (or any of the parent directories): .git
2024-10-30 14:31:56.775 [info] > git rev-parse --show-toplevel [11ms]
2024-10-30 14:31:56.775 [info] fatal: not a git repository (or any of the parent directories): .git
2024-10-30 14:32:04.981 [info] > git rev-parse --show-toplevel [3ms]
2024-10-30 14:32:04.982 [info] fatal: not a git repository (or any of the parent directories): .git
2024-10-30 14:32:09.797 [info] > git rev-parse --show-toplevel [3ms]
2024-10-30 14:32:09.797 [info] fatal: not a git repository (or any of the parent directories): .git
2024-10-30 14:32:16.025 [info] > git rev-parse --show-toplevel [10ms]
2024-10-30 14:32:16.025 [info] fatal: not a git repository (or any of the parent directories): .git
2024-10-30 14:32:24.119 [info] > git rev-parse --show-toplevel [15ms]
2024-10-30 14:32:24.119 [info] fatal: not a git repository (or any of the parent directories): .git
2024-10-30 14:32:32.066 [info] > git rev-parse --show-toplevel [3ms]
2024-10-30 14:32:32.066 [info] fatal: not a git repository (or any of the parent directories): .git
2024-10-30 14:32:41.327 [info] > git rev-parse --show-toplevel [18ms]
2024-10-30 14:32:41.327 [info] fatal: not a git repository (or any of the parent directories): .git
2024-10-30 14:33:01.916 [info] > git rev-parse --show-toplevel [3ms]
2024-10-30 14:33:01.916 [info] fatal: not a git repository (or any of the parent directories): .git
2024-10-30 14:33:03.041 [info] > git rev-parse --show-toplevel [4ms]
2024-10-30 14:33:03.041 [info] fatal: not a git repository (or any of the parent directories): .git
2024-10-30 14:33:06.921 [info] > git rev-parse --show-toplevel [3ms]
2024-10-30 14:33:06.921 [info] fatal: not a git repository (or any of the parent directories): .git
2024-10-30 14:33:57.236 [info] > git rev-parse --show-toplevel [3ms]
2024-10-30 14:33:57.236 [info] fatal: not a git repository (or any of the parent directories): .git
2024-10-30 14:33:57.247 [info] > git rev-parse --show-toplevel [2ms]
2024-10-30 14:33:57.248 [info] fatal: not a git repository (or any of the parent directories): .git
2024-10-30 14:33:58.715 [info] > git rev-parse --show-toplevel [6ms]
2024-10-30 14:33:58.715 [info] fatal: not a git repository (or any of the parent directories): .git
2024-10-30 14:33:58.725 [info] > git rev-parse --show-toplevel [3ms]
2024-10-30 14:33:58.725 [info] fatal: not a git repository (or any of the parent directories): .git
2024-10-30 14:33:58.738 [info] > git rev-parse --show-toplevel [3ms]
2024-10-30 14:33:58.738 [info] fatal: not a git repository (or any of the parent directories): .git
2024-10-30 14:34:01.853 [info] > git rev-parse --show-toplevel [7ms]
2024-10-30 14:34:01.853 [info] fatal: not a git repository (or any of the parent directories): .git
2024-10-30 14:34:01.861 [info] > git rev-parse --show-toplevel [2ms]
2024-10-30 14:34:01.861 [info] fatal: not a git repository (or any of the parent directories): .git
2024-10-30 14:34:03.348 [info] > git rev-parse --show-toplevel [2ms]
2024-10-30 14:34:03.348 [info] fatal: not a git repository (or any of the parent directories): .git
2024-10-30 14:34:34.579 [info] > git rev-parse --show-toplevel [2ms]
2024-10-30 14:34:34.579 [info] fatal: not a git repository (or any of the parent directories): .git
2024-10-30 14:40:27.751 [info] > git rev-parse --show-toplevel [1ms]
2024-10-30 14:40:27.752 [info] fatal: not a git repository (or any of the parent directories): .git
2024-10-30 14:43:11.943 [info] > git rev-parse --show-toplevel [9ms]
2024-10-30 14:43:11.943 [info] fatal: not a git repository (or any of the parent directories): .git
2024-10-30 14:43:33.020 [info] > git rev-parse --show-toplevel [3ms]
2024-10-30 14:43:33.020 [info] fatal: not a git repository (or any of the parent directories): .git
2024-10-30 14:43:48.397 [info] > git rev-parse --show-toplevel [5ms]
2024-10-30 14:43:48.397 [info] fatal: not a git repository (or any of the parent directories): .git
2024-10-30 14:44:00.613 [info] > git rev-parse --show-toplevel [3ms]
2024-10-30 14:44:00.613 [info] fatal: not a git repository (or any of the parent directories): .git
2024-10-30 14:44:10.573 [info] > git rev-parse --show-toplevel [3ms]
2024-10-30 14:44:10.573 [info] fatal: not a git repository (or any of the parent directories): .git
2024-10-30 14:44:21.790 [info] > git rev-parse --show-toplevel [2ms]
2024-10-30 14:44:21.790 [info] fatal: not a git repository (or any of the parent directories): .git
2024-10-30 14:44:25.859 [info] > git rev-parse --show-toplevel [3ms]
2024-10-30 14:44:25.859 [info] fatal: not a git repository (or any of the parent directories): .git
2024-10-30 14:44:39.938 [info] > git rev-parse --show-toplevel [3ms]
2024-10-30 14:44:39.938 [info] fatal: not a git repository (or any of the parent directories): .git
2024-10-30 14:44:41.338 [info] > git rev-parse --show-toplevel [3ms]
2024-10-30 14:44:41.338 [info] fatal: not a git repository (or any of the parent directories): .git
