0 verbose cli /usr/bin/node /usr/bin/npm
1 info using npm@10.9.0
2 info using node@v22.9.0
3 silly config load:file:/usr/lib/node_modules/npm/npmrc
4 silly config load:file:/mnt/c/Users/bmd-tech/Downloads/Gestion-Dette-Boutiquier-Symfony-cour_3/.npmrc
5 silly config load:file:/home/yafily/.npmrc
6 silly config load:file:/usr/etc/npmrc
7 verbose title npm install
8 verbose argv "install"
9 verbose logfile logs-max:10 dir:/home/yafily/.npm/_logs/2024-10-18T12_37_04_514Z-
10 verbose logfile /home/yafily/.npm/_logs/2024-10-18T12_37_04_514Z-debug-0.log
11 silly logfile start cleaning logs, removing 1 files
12 silly packumentCache heap:2076704768 maxSize:519176192 maxEntrySize:259588096
13 silly logfile done cleaning log files
14 silly idealTree buildDeps
15 silly reify moves {}
16 silly audit bulk request {
16 silly audit   '@alloc/quick-lru': [ '5.2.0' ],
16 silly audit   '@ampproject/remapping': [ '2.3.0' ],
16 silly audit   '@babel/code-frame': [ '7.25.7' ],
16 silly audit   '@babel/compat-data': [ '7.25.7' ],
16 silly audit   '@babel/core': [ '7.25.7' ],
16 silly audit   '@babel/generator': [ '7.25.7' ],
16 silly audit   '@babel/helper-annotate-as-pure': [ '7.25.7' ],
16 silly audit   '@babel/helper-builder-binary-assignment-operator-visitor': [ '7.25.7' ],
16 silly audit   '@babel/helper-compilation-targets': [ '7.25.7' ],
16 silly audit   '@babel/helper-create-class-features-plugin': [ '7.25.7' ],
16 silly audit   '@babel/helper-create-regexp-features-plugin': [ '7.25.7' ],
16 silly audit   '@babel/helper-define-polyfill-provider': [ '0.6.2' ],
16 silly audit   '@babel/helper-member-expression-to-functions': [ '7.25.7' ],
16 silly audit   '@babel/helper-module-imports': [ '7.25.7' ],
16 silly audit   '@babel/helper-module-transforms': [ '7.25.7' ],
16 silly audit   '@babel/helper-optimise-call-expression': [ '7.25.7' ],
16 silly audit   '@babel/helper-plugin-utils': [ '7.25.7' ],
16 silly audit   '@babel/helper-remap-async-to-generator': [ '7.25.7' ],
16 silly audit   '@babel/helper-replace-supers': [ '7.25.7' ],
16 silly audit   '@babel/helper-simple-access': [ '7.25.7' ],
16 silly audit   '@babel/helper-skip-transparent-expression-wrappers': [ '7.25.7' ],
16 silly audit   '@babel/helper-string-parser': [ '7.25.7' ],
16 silly audit   '@babel/helper-validator-identifier': [ '7.25.7' ],
16 silly audit   '@babel/helper-validator-option': [ '7.25.7' ],
16 silly audit   '@babel/helper-wrap-function': [ '7.25.7' ],
16 silly audit   '@babel/helpers': [ '7.25.7' ],
16 silly audit   '@babel/highlight': [ '7.25.7' ],
16 silly audit   '@babel/parser': [ '7.25.7' ],
16 silly audit   '@babel/plugin-bugfix-firefox-class-in-computed-class-key': [ '7.25.7' ],
16 silly audit   '@babel/plugin-bugfix-safari-class-field-initializer-scope': [ '7.25.7' ],
16 silly audit   '@babel/plugin-bugfix-safari-id-destructuring-collision-in-function-expression': [ '7.25.7' ],
16 silly audit   '@babel/plugin-bugfix-v8-spread-parameters-in-optional-chaining': [ '7.25.7' ],
16 silly audit   '@babel/plugin-bugfix-v8-static-class-fields-redefine-readonly': [ '7.25.7' ],
16 silly audit   '@babel/plugin-proposal-private-property-in-object': [ '7.21.0-placeholder-for-preset-env.2' ],
16 silly audit   '@babel/plugin-syntax-async-generators': [ '7.8.4' ],
16 silly audit   '@babel/plugin-syntax-class-properties': [ '7.12.13' ],
16 silly audit   '@babel/plugin-syntax-class-static-block': [ '7.14.5' ],
16 silly audit   '@babel/plugin-syntax-dynamic-import': [ '7.8.3' ],
16 silly audit   '@babel/plugin-syntax-export-namespace-from': [ '7.8.3' ],
16 silly audit   '@babel/plugin-syntax-import-assertions': [ '7.25.7' ],
16 silly audit   '@babel/plugin-syntax-import-attributes': [ '7.25.7' ],
16 silly audit   '@babel/plugin-syntax-import-meta': [ '7.10.4' ],
16 silly audit   '@babel/plugin-syntax-json-strings': [ '7.8.3' ],
16 silly audit   '@babel/plugin-syntax-logical-assignment-operators': [ '7.10.4' ],
16 silly audit   '@babel/plugin-syntax-nullish-coalescing-operator': [ '7.8.3' ],
16 silly audit   '@babel/plugin-syntax-numeric-separator': [ '7.10.4' ],
16 silly audit   '@babel/plugin-syntax-object-rest-spread': [ '7.8.3' ],
16 silly audit   '@babel/plugin-syntax-optional-catch-binding': [ '7.8.3' ],
16 silly audit   '@babel/plugin-syntax-optional-chaining': [ '7.8.3' ],
16 silly audit   '@babel/plugin-syntax-private-property-in-object': [ '7.14.5' ],
16 silly audit   '@babel/plugin-syntax-top-level-await': [ '7.14.5' ],
16 silly audit   '@babel/plugin-syntax-unicode-sets-regex': [ '7.18.6' ],
16 silly audit   '@babel/plugin-transform-arrow-functions': [ '7.25.7' ],
16 silly audit   '@babel/plugin-transform-async-generator-functions': [ '7.25.7' ],
16 silly audit   '@babel/plugin-transform-async-to-generator': [ '7.25.7' ],
16 silly audit   '@babel/plugin-transform-block-scoped-functions': [ '7.25.7' ],
16 silly audit   '@babel/plugin-transform-block-scoping': [ '7.25.7' ],
16 silly audit   '@babel/plugin-transform-class-properties': [ '7.25.7' ],
16 silly audit   '@babel/plugin-transform-class-static-block': [ '7.25.7' ],
16 silly audit   '@babel/plugin-transform-classes': [ '7.25.7' ],
16 silly audit   '@babel/plugin-transform-computed-properties': [ '7.25.7' ],
16 silly audit   '@babel/plugin-transform-destructuring': [ '7.25.7' ],
16 silly audit   '@babel/plugin-transform-dotall-regex': [ '7.25.7' ],
16 silly audit   '@babel/plugin-transform-duplicate-keys': [ '7.25.7' ],
16 silly audit   '@babel/plugin-transform-duplicate-named-capturing-groups-regex': [ '7.25.7' ],
16 silly audit   '@babel/plugin-transform-dynamic-import': [ '7.25.7' ],
16 silly audit   '@babel/plugin-transform-exponentiation-operator': [ '7.25.7' ],
16 silly audit   '@babel/plugin-transform-export-namespace-from': [ '7.25.7' ],
16 silly audit   '@babel/plugin-transform-for-of': [ '7.25.7' ],
16 silly audit   '@babel/plugin-transform-function-name': [ '7.25.7' ],
16 silly audit   '@babel/plugin-transform-json-strings': [ '7.25.7' ],
16 silly audit   '@babel/plugin-transform-literals': [ '7.25.7' ],
16 silly audit   '@babel/plugin-transform-logical-assignment-operators': [ '7.25.7' ],
16 silly audit   '@babel/plugin-transform-member-expression-literals': [ '7.25.7' ],
16 silly audit   '@babel/plugin-transform-modules-amd': [ '7.25.7' ],
16 silly audit   '@babel/plugin-transform-modules-commonjs': [ '7.25.7' ],
16 silly audit   '@babel/plugin-transform-modules-systemjs': [ '7.25.7' ],
16 silly audit   '@babel/plugin-transform-modules-umd': [ '7.25.7' ],
16 silly audit   '@babel/plugin-transform-named-capturing-groups-regex': [ '7.25.7' ],
16 silly audit   '@babel/plugin-transform-new-target': [ '7.25.7' ],
16 silly audit   '@babel/plugin-transform-nullish-coalescing-operator': [ '7.25.7' ],
16 silly audit   '@babel/plugin-transform-numeric-separator': [ '7.25.7' ],
16 silly audit   '@babel/plugin-transform-object-rest-spread': [ '7.25.7' ],
16 silly audit   '@babel/plugin-transform-object-super': [ '7.25.7' ],
16 silly audit   '@babel/plugin-transform-optional-catch-binding': [ '7.25.7' ],
16 silly audit   '@babel/plugin-transform-optional-chaining': [ '7.25.7' ],
16 silly audit   '@babel/plugin-transform-parameters': [ '7.25.7' ],
16 silly audit   '@babel/plugin-transform-private-methods': [ '7.25.7' ],
16 silly audit   '@babel/plugin-transform-private-property-in-object': [ '7.25.7' ],
16 silly audit   '@babel/plugin-transform-property-literals': [ '7.25.7' ],
16 silly audit   '@babel/plugin-transform-regenerator': [ '7.25.7' ],
16 silly audit   '@babel/plugin-transform-reserved-words': [ '7.25.7' ],
16 silly audit   '@babel/plugin-transform-shorthand-properties': [ '7.25.7' ],
16 silly audit   '@babel/plugin-transform-spread': [ '7.25.7' ],
16 silly audit   '@babel/plugin-transform-sticky-regex': [ '7.25.7' ],
16 silly audit   '@babel/plugin-transform-template-literals': [ '7.25.7' ],
16 silly audit   '@babel/plugin-transform-typeof-symbol': [ '7.25.7' ],
16 silly audit   '@babel/plugin-transform-unicode-escapes': [ '7.25.7' ],
16 silly audit   '@babel/plugin-transform-unicode-property-regex': [ '7.25.7' ],
16 silly audit   '@babel/plugin-transform-unicode-regex': [ '7.25.7' ],
16 silly audit   '@babel/plugin-transform-unicode-sets-regex': [ '7.25.7' ],
16 silly audit   '@babel/preset-env': [ '7.25.7' ],
16 silly audit   '@babel/preset-modules': [ '0.1.6-no-external-plugins' ],
16 silly audit   '@babel/runtime': [ '7.25.7' ],
16 silly audit   'regenerator-runtime': [ '0.14.1', '0.13.11' ],
16 silly audit   '@babel/template': [ '7.25.7' ],
16 silly audit   '@babel/traverse': [ '7.25.7' ],
16 silly audit   '@babel/types': [ '7.25.7' ],
16 silly audit   '@discoveryjs/json-ext': [ '0.5.7' ],
16 silly audit   '@hotwired/stimulus': [ '3.2.2' ],
16 silly audit   '@hotwired/stimulus-webpack-helpers': [ '1.0.1' ],
16 silly audit   '@isaacs/cliui': [ '8.0.2' ],
16 silly audit   'ansi-regex': [ '6.1.0', '5.0.1' ],
16 silly audit   'emoji-regex': [ '9.2.2', '8.0.0' ],
16 silly audit   'string-width': [ '5.1.2', '4.2.3' ],
16 silly audit   'strip-ansi': [ '7.1.0', '6.0.1' ],
16 silly audit   '@jest/schemas': [ '29.6.3' ],
16 silly audit   '@jest/types': [ '29.6.3' ],
16 silly audit   'ansi-styles': [ '4.3.0', '3.2.1', '6.2.1' ],
16 silly audit   chalk: [ '4.1.2', '2.4.2' ],
16 silly audit   'color-convert': [ '2.0.1', '1.9.3' ],
16 silly audit   'color-name': [ '1.1.4', '1.1.3' ],
16 silly audit   'has-flag': [ '4.0.0', '3.0.0' ],
16 silly audit   'supports-color': [ '7.2.0', '8.1.1', '5.5.0' ],
16 silly audit   '@jridgewell/gen-mapping': [ '0.3.5' ],
16 silly audit   '@jridgewell/resolve-uri': [ '3.1.2' ],
16 silly audit   '@jridgewell/set-array': [ '1.2.1' ],
16 silly audit   '@jridgewell/source-map': [ '0.3.6' ],
16 silly audit   '@jridgewell/sourcemap-codec': [ '1.5.0' ],
16 silly audit   '@jridgewell/trace-mapping': [ '0.3.25' ],
16 silly audit   '@nodelib/fs.scandir': [ '2.1.5' ],
16 silly audit   '@nodelib/fs.stat': [ '2.0.5' ],
16 silly audit   '@nodelib/fs.walk': [ '1.2.8' ],
16 silly audit   '@nuxt/friendly-errors-webpack-plugin': [ '2.6.0' ],
16 silly audit   '@pkgjs/parseargs': [ '0.11.0' ],
16 silly audit   '@sinclair/typebox': [ '0.27.8' ],
16 silly audit   '@symfony/webpack-encore': [ '5.0.1' ],
16 silly audit   semver: [ '7.6.3', '6.3.1' ],
16 silly audit   '@trysound/sax': [ '0.2.0' ],
16 silly audit   '@types/estree': [ '1.0.6' ],
16 silly audit   '@types/istanbul-lib-coverage': [ '2.0.6' ],
16 silly audit   '@types/istanbul-lib-report': [ '3.0.3' ],
16 silly audit   '@types/istanbul-reports': [ '3.0.4' ],
16 silly audit   '@types/json-schema': [ '7.0.15' ],
16 silly audit   '@types/node': [ '22.7.5' ],
16 silly audit   '@types/yargs': [ '17.0.33' ],
16 silly audit   '@types/yargs-parser': [ '21.0.3' ],
16 silly audit   '@webassemblyjs/ast': [ '1.12.1' ],
16 silly audit   '@webassemblyjs/floating-point-hex-parser': [ '1.11.6' ],
16 silly audit   '@webassemblyjs/helper-api-error': [ '1.11.6' ],
16 silly audit   '@webassemblyjs/helper-buffer': [ '1.12.1' ],
16 silly audit   '@webassemblyjs/helper-numbers': [ '1.11.6' ],
16 silly audit   '@webassemblyjs/helper-wasm-bytecode': [ '1.11.6' ],
16 silly audit   '@webassemblyjs/helper-wasm-section': [ '1.12.1' ],
16 silly audit   '@webassemblyjs/ieee754': [ '1.11.6' ],
16 silly audit   '@webassemblyjs/leb128': [ '1.11.6' ],
16 silly audit   '@webassemblyjs/utf8': [ '1.11.6' ],
16 silly audit   '@webassemblyjs/wasm-edit': [ '1.12.1' ],
16 silly audit   '@webassemblyjs/wasm-gen': [ '1.12.1' ],
16 silly audit   '@webassemblyjs/wasm-opt': [ '1.12.1' ],
16 silly audit   '@webassemblyjs/wasm-parser': [ '1.12.1' ],
16 silly audit   '@webassemblyjs/wast-printer': [ '1.12.1' ],
16 silly audit   '@webpack-cli/configtest': [ '2.1.1' ],
16 silly audit   '@webpack-cli/info': [ '2.0.2' ],
16 silly audit   '@webpack-cli/serve': [ '2.0.5' ],
16 silly audit   '@xtuc/ieee754': [ '1.2.0' ],
16 silly audit   '@xtuc/long': [ '4.2.2' ],
16 silly audit   acorn: [ '8.12.1' ],
16 silly audit   'acorn-import-attributes': [ '1.9.5' ],
16 silly audit   'adjust-sourcemap-loader': [ '4.0.0' ],
16 silly audit   ajv: [ '8.17.1', '6.12.6' ],
16 silly audit   'ajv-formats': [ '2.1.1' ],
16 silly audit   'ajv-keywords': [ '5.1.0', '3.5.2' ],
16 silly audit   'any-promise': [ '1.3.0' ],
16 silly audit   anymatch: [ '3.1.3' ],
16 silly audit   arg: [ '5.0.2' ],
16 silly audit   argparse: [ '2.0.1' ],
16 silly audit   autoprefixer: [ '10.4.20' ],
16 silly audit   'babel-loader': [ '9.2.1' ],
16 silly audit   'babel-plugin-polyfill-corejs2': [ '0.4.11' ],
16 silly audit   'babel-plugin-polyfill-corejs3': [ '0.10.6' ],
16 silly audit   'babel-plugin-polyfill-regenerator': [ '0.6.2' ],
16 silly audit   'balanced-match': [ '1.0.2' ],
16 silly audit   'big.js': [ '5.2.2' ],
16 silly audit   'binary-extensions': [ '2.3.0' ],
16 silly audit   boolbase: [ '1.0.0' ],
16 silly audit   'brace-expansion': [ '2.0.1' ],
16 silly audit   braces: [ '3.0.3' ],
16 silly audit   browserslist: [ '4.24.0' ],
16 silly audit   'buffer-from': [ '1.1.2' ],
16 silly audit   callsites: [ '3.1.0' ],
16 silly audit   'camelcase-css': [ '2.0.1' ],
16 silly audit   'caniuse-api': [ '3.0.0' ],
16 silly audit   'caniuse-lite': [ '1.0.30001667' ],
16 silly audit   chokidar: [ '3.6.0' ],
16 silly audit   'glob-parent': [ '5.1.2', '6.0.2' ],
16 silly audit   'chrome-trace-event': [ '1.0.4' ],
16 silly audit   'ci-info': [ '3.9.0' ],
16 silly audit   'clone-deep': [ '4.0.1' ],
16 silly audit   colord: [ '2.9.3' ],
16 silly audit   colorette: [ '2.0.20' ],
16 silly audit   commander: [ '7.2.0', '4.1.1', '2.20.3', '10.0.1' ],
16 silly audit   'common-path-prefix': [ '3.0.0' ],
16 silly audit   consola: [ '3.2.3' ],
16 silly audit   'convert-source-map': [ '2.0.0', '1.9.0' ],
16 silly audit   'core-js': [ '3.38.1' ],
16 silly audit   'core-js-compat': [ '3.38.1' ],
16 silly audit   cosmiconfig: [ '9.0.0' ],
16 silly audit   'cross-spawn': [ '7.0.3' ],
16 silly audit   'css-declaration-sorter': [ '7.2.0' ],
16 silly audit   'css-loader': [ '7.1.2' ],
16 silly audit   'css-minimizer-webpack-plugin': [ '7.0.0' ],
16 silly audit   'css-select': [ '4.3.0', '5.1.0' ],
16 silly audit   'css-selector-tokenizer': [ '0.8.0' ],
16 silly audit   'css-tree': [ '2.3.1', '2.2.1' ],
16 silly audit   'css-what': [ '6.1.0' ],
16 silly audit   cssesc: [ '3.0.0' ],
16 silly audit   cssnano: [ '7.0.6' ],
16 silly audit   'cssnano-preset-default': [ '7.0.6' ],
16 silly audit   'cssnano-utils': [ '5.0.0' ],
16 silly audit   csso: [ '5.0.5' ],
16 silly audit   'mdn-data': [ '2.0.28', '2.0.30' ],
16 silly audit   culori: [ '3.3.0' ],
16 silly audit   daisyui: [ '4.12.12' ],
16 silly audit   debug: [ '4.3.7' ],
16 silly audit   didyoumean: [ '1.2.2' ],
16 silly audit   dlv: [ '1.1.3' ],
16 silly audit   'dom-converter': [ '0.2.0' ],
16 silly audit   'dom-serializer': [ '1.4.1', '2.0.0' ],
16 silly audit   domelementtype: [ '2.3.0' ],
16 silly audit   domhandler: [ '4.3.1', '5.0.3' ],
16 silly audit   domutils: [ '2.8.0', '3.1.0' ],
16 silly audit   eastasianwidth: [ '0.2.0' ],
16 silly audit   'electron-to-chromium': [ '1.5.33' ],
16 silly audit   'emojis-list': [ '3.0.0' ],
16 silly audit   'enhanced-resolve': [ '5.17.1' ],
16 silly audit   entities: [ '2.2.0', '4.5.0' ],
16 silly audit   'env-paths': [ '2.2.1' ],
16 silly audit   envinfo: [ '7.14.0' ],
16 silly audit   'error-ex': [ '1.3.2' ],
16 silly audit   'error-stack-parser': [ '2.1.4' ],
16 silly audit   'es-module-lexer': [ '1.5.4' ],
16 silly audit   escalade: [ '3.2.0' ],
16 silly audit   'escape-string-regexp': [ '1.0.5' ],
16 silly audit   'eslint-scope': [ '5.1.1' ],
16 silly audit   esrecurse: [ '4.3.0' ],
16 silly audit   estraverse: [ '5.3.0', '4.3.0' ],
16 silly audit   esutils: [ '2.0.3' ],
16 silly audit   events: [ '3.3.0' ],
16 silly audit   'fast-deep-equal': [ '3.1.3' ],
16 silly audit   'fast-glob': [ '3.3.2' ],
16 silly audit   'fast-json-stable-stringify': [ '2.1.0' ],
16 silly audit   'fast-uri': [ '3.0.2' ],
16 silly audit   'fastest-levenshtein': [ '1.0.16' ],
16 silly audit   fastparse: [ '1.1.2' ],
16 silly audit   fastq: [ '1.17.1' ],
16 silly audit   'fill-range': [ '7.1.1' ],
16 silly audit   'find-cache-dir': [ '4.0.0' ],
16 silly audit   'find-up': [ '6.3.0', '4.1.0' ],
16 silly audit   flat: [ '5.0.2' ],
16 silly audit   'foreground-child': [ '3.3.0' ],
16 silly audit   'fraction.js': [ '4.3.7' ],
16 silly audit   fsevents: [ '2.3.3' ],
16 silly audit   'function-bind': [ '1.1.2' ],
16 silly audit   gensync: [ '1.0.0-beta.2' ],
16 silly audit   glob: [ '10.4.5' ],
16 silly audit   'glob-to-regexp': [ '0.4.1' ],
16 silly audit   globals: [ '11.12.0' ],
16 silly audit   'graceful-fs': [ '4.2.11' ],
16 silly audit   growly: [ '1.3.0' ],
16 silly audit   hasown: [ '2.0.2' ],
16 silly audit   htmlparser2: [ '6.1.0' ],
16 silly audit   'icss-utils': [ '5.1.0' ],
16 silly audit   'import-fresh': [ '3.3.0' ],
16 silly audit   'import-local': [ '3.2.0' ],
16 silly audit   'locate-path': [ '5.0.0', '7.2.0' ],
16 silly audit   'p-limit': [ '2.3.0', '4.0.0' ],
16 silly audit   'p-locate': [ '4.1.0', '6.0.0' ],
16 silly audit   'path-exists': [ '4.0.0', '5.0.0' ],
16 silly audit   'pkg-dir': [ '4.2.0', '7.0.0' ],
16 silly audit   interpret: [ '3.1.1' ],
16 silly audit   'is-arrayish': [ '0.2.1' ],
16 silly audit   'is-binary-path': [ '2.1.0' ],
16 silly audit   'is-core-module': [ '2.15.1' ],
16 silly audit   'is-docker': [ '2.2.1' ],
16 silly audit   'is-extglob': [ '2.1.1' ],
16 silly audit   'is-fullwidth-code-point': [ '3.0.0' ],
16 silly audit   'is-glob': [ '4.0.3' ],
16 silly audit   'is-number': [ '7.0.0' ],
16 silly audit   'is-plain-object': [ '2.0.4' ],
16 silly audit   'is-wsl': [ '2.2.0' ],
16 silly audit   isexe: [ '2.0.0' ],
16 silly audit   isobject: [ '3.0.1' ],
16 silly audit   jackspeak: [ '3.4.3' ],
16 silly audit   'jest-util': [ '29.7.0' ],
16 silly audit   'jest-worker': [ '29.7.0', '27.5.1' ],
16 silly audit   jiti: [ '1.21.6' ],
16 silly audit   'js-tokens': [ '4.0.0' ],
16 silly audit   'js-yaml': [ '4.1.0' ],
16 silly audit   jsesc: [ '3.0.2' ],
16 silly audit   'json-parse-even-better-errors': [ '2.3.1' ],
16 silly audit   'json-schema-traverse': [ '1.0.0', '0.4.1' ],
16 silly audit   json5: [ '2.2.3' ],
16 silly audit   'kind-of': [ '6.0.3' ],
16 silly audit   lilconfig: [ '3.1.2', '2.1.0' ],
16 silly audit   'lines-and-columns': [ '1.2.4' ],
16 silly audit   'loader-runner': [ '4.3.0' ],
16 silly audit   'loader-utils': [ '2.0.4' ],
16 silly audit   lodash: [ '4.17.21' ],
16 silly audit   'lodash.debounce': [ '4.0.8' ],
16 silly audit   'lodash.memoize': [ '4.1.2' ],
16 silly audit   'lodash.uniq': [ '4.5.0' ],
16 silly audit   'lru-cache': [ '5.1.1', '10.4.3' ],
16 silly audit   'merge-stream': [ '2.0.0' ],
16 silly audit   merge2: [ '1.4.1' ],
16 silly audit   micromatch: [ '4.0.8' ],
16 silly audit   'mime-db': [ '1.52.0' ],
16 silly audit   'mime-types': [ '2.1.35' ],
16 silly audit   'mini-css-extract-plugin': [ '2.9.1' ],
16 silly audit   minimatch: [ '9.0.5' ],
16 silly audit   minipass: [ '7.1.2' ],
16 silly audit   ms: [ '2.1.3' ],
16 silly audit   mz: [ '2.7.0' ],
16 silly audit   nanoid: [ '3.3.7' ],
16 silly audit   'neo-async': [ '2.6.2' ],
16 silly audit   'node-notifier': [ '9.0.1' ],
16 silly audit   'node-releases': [ '2.0.18' ],
16 silly audit   'normalize-path': [ '3.0.0' ],
16 silly audit   'normalize-range': [ '0.1.2' ],
16 silly audit   'nth-check': [ '2.1.1' ],
16 silly audit   'object-assign': [ '4.1.1' ],
16 silly audit   'object-hash': [ '3.0.0' ],
16 silly audit   'p-try': [ '2.2.0' ],
16 silly audit   'package-json-from-dist': [ '1.0.1' ],
16 silly audit   'parent-module': [ '1.0.1' ],
16 silly audit   'parse-json': [ '5.2.0' ],
16 silly audit   'path-key': [ '3.1.1' ],
16 silly audit   'path-parse': [ '1.0.7' ],
16 silly audit   'path-scurry': [ '1.11.1' ],
16 silly audit   picocolors: [ '1.1.0' ],
16 silly audit   picomatch: [ '2.3.1' ],
16 silly audit   pify: [ '2.3.0' ],
16 silly audit   pirates: [ '4.0.6' ],
16 silly audit   postcss: [ '8.4.47' ],
16 silly audit   'postcss-calc': [ '10.0.2' ],
16 silly audit   'postcss-colormin': [ '7.0.2' ],
16 silly audit   'postcss-convert-values': [ '7.0.4' ],
16 silly audit   'postcss-discard-comments': [ '7.0.3' ],
16 silly audit   'postcss-discard-duplicates': [ '7.0.1' ],
16 silly audit   'postcss-discard-empty': [ '7.0.0' ],
16 silly audit   'postcss-discard-overridden': [ '7.0.0' ],
16 silly audit   'postcss-import': [ '15.1.0' ],
16 silly audit   'postcss-js': [ '4.0.1' ],
16 silly audit   'postcss-load-config': [ '4.0.2' ],
16 silly audit   'postcss-loader': [ '8.1.1' ],
16 silly audit   'postcss-merge-longhand': [ '7.0.4' ],
16 silly audit   'postcss-merge-rules': [ '7.0.4' ],
16 silly audit   'postcss-minify-font-values': [ '7.0.0' ],
16 silly audit   'postcss-minify-gradients': [ '7.0.0' ],
16 silly audit   'postcss-minify-params': [ '7.0.2' ],
16 silly audit   'postcss-minify-selectors': [ '7.0.4' ],
16 silly audit   'postcss-modules-extract-imports': [ '3.1.0' ],
16 silly audit   'postcss-modules-local-by-default': [ '4.0.5' ],
16 silly audit   'postcss-modules-scope': [ '3.2.0' ],
16 silly audit   'postcss-modules-values': [ '4.0.0' ],
16 silly audit   'postcss-nested': [ '6.2.0' ],
16 silly audit   'postcss-normalize-charset': [ '7.0.0' ],
16 silly audit   'postcss-normalize-display-values': [ '7.0.0' ],
16 silly audit   'postcss-normalize-positions': [ '7.0.0' ],
16 silly audit   'postcss-normalize-repeat-style': [ '7.0.0' ],
16 silly audit   'postcss-normalize-string': [ '7.0.0' ],
16 silly audit   'postcss-normalize-timing-functions': [ '7.0.0' ],
16 silly audit   'postcss-normalize-unicode': [ '7.0.2' ],
16 silly audit   'postcss-normalize-url': [ '7.0.0' ],
16 silly audit   'postcss-normalize-whitespace': [ '7.0.0' ],
16 silly audit   'postcss-ordered-values': [ '7.0.1' ],
16 silly audit   'postcss-reduce-initial': [ '7.0.2' ],
16 silly audit   'postcss-reduce-transforms': [ '7.0.0' ],
16 silly audit   'postcss-selector-parser': [ '6.1.2' ],
16 silly audit   'postcss-svgo': [ '7.0.1' ],
16 silly audit   'postcss-unique-selectors': [ '7.0.3' ],
16 silly audit   'postcss-value-parser': [ '4.2.0' ],
16 silly audit   'pretty-error': [ '4.0.0' ],
16 silly audit   punycode: [ '2.3.1' ],
16 silly audit   'queue-microtask': [ '1.2.3' ],
16 silly audit   randombytes: [ '2.1.0' ],
16 silly audit   'read-cache': [ '1.0.0' ],
16 silly audit   readdirp: [ '3.6.0' ],
16 silly audit   rechoir: [ '0.8.0' ],
16 silly audit   regenerate: [ '1.4.2' ],
16 silly audit   'regenerate-unicode-properties': [ '10.2.0' ],
16 silly audit   'regenerator-transform': [ '0.15.2' ],
16 silly audit   'regex-parser': [ '2.3.0' ],
16 silly audit   'regexpu-core': [ '6.1.1' ],
16 silly audit   regjsgen: [ '0.8.0' ],
16 silly audit   regjsparser: [ '0.11.1' ],
16 silly audit   renderkid: [ '3.0.0' ],
16 silly audit   'require-from-string': [ '2.0.2' ],
16 silly audit   resolve: [ '1.22.8' ],
16 silly audit   'resolve-cwd': [ '3.0.0' ],
16 silly audit   'resolve-from': [ '5.0.0', '4.0.0' ],
16 silly audit   'resolve-url-loader': [ '5.0.0' ],
16 silly audit   reusify: [ '1.0.4' ],
16 silly audit   'run-parallel': [ '1.2.0' ],
16 silly audit   'safe-buffer': [ '5.2.1' ],
16 silly audit   'schema-utils': [ '4.2.0', '3.3.0' ],
16 silly audit   'serialize-javascript': [ '6.0.2' ],
16 silly audit   'shallow-clone': [ '3.0.1' ],
16 silly audit   'shebang-command': [ '2.0.0' ],
16 silly audit   'shebang-regex': [ '3.0.0' ],
16 silly audit   shellwords: [ '0.1.1' ],
16 silly audit   'signal-exit': [ '4.1.0' ],
16 silly audit   'source-map': [ '0.6.1' ],
16 silly audit   'source-map-js': [ '1.2.1' ],
16 silly audit   'source-map-support': [ '0.5.21' ],
16 silly audit   stackframe: [ '1.3.4' ],
16 silly audit   stimulus: [ '3.2.2' ],
16 silly audit   'style-loader': [ '3.3.4' ],
16 silly audit   stylehacks: [ '7.0.4' ],
16 silly audit   sucrase: [ '3.35.0' ],
16 silly audit   'supports-preserve-symlinks-flag': [ '1.0.0' ],
16 silly audit   svgo: [ '3.3.2' ],
16 silly audit   tailwindcss: [ '3.4.13' ],
16 silly audit   tapable: [ '2.2.1' ],
16 silly audit   terser: [ '5.34.1' ],
16 silly audit   'terser-webpack-plugin': [ '5.3.10' ],
16 silly audit   thenify: [ '3.3.1' ],
16 silly audit   'thenify-all': [ '1.6.0' ],
16 silly audit   tmp: [ '0.2.3' ],
16 silly audit   'to-fast-properties': [ '2.0.0' ],
16 silly audit   'to-regex-range': [ '5.0.1' ],
16 silly audit   'ts-interface-checker': [ '0.1.13' ],
16 silly audit   'undici-types': [ '6.19.8' ],
16 silly audit   'unicode-canonical-property-names-ecmascript': [ '2.0.1' ],
16 silly audit   'unicode-match-property-ecmascript': [ '2.0.0' ],
16 silly audit   'unicode-match-property-value-ecmascript': [ '2.2.0' ],
16 silly audit   'unicode-property-aliases-ecmascript': [ '2.1.0' ],
16 silly audit   'update-browserslist-db': [ '1.1.1' ],
16 silly audit   'uri-js': [ '4.4.1' ],
16 silly audit   'util-deprecate': [ '1.0.2' ],
16 silly audit   utila: [ '0.4.0' ],
16 silly audit   uuid: [ '8.3.2' ],
16 silly audit   watchpack: [ '2.4.2' ],
16 silly audit   webpack: [ '5.95.0' ],
16 silly audit   'webpack-cli': [ '5.1.4' ],
16 silly audit   'webpack-merge': [ '5.10.0' ],
16 silly audit   'webpack-notifier': [ '1.15.0' ],
16 silly audit   'webpack-sources': [ '3.2.3' ],
16 silly audit   which: [ '2.0.2' ],
16 silly audit   wildcard: [ '2.0.1' ],
16 silly audit   'wrap-ansi': [ '8.1.0', '7.0.0' ],
16 silly audit   yallist: [ '3.1.1' ],
16 silly audit   yaml: [ '2.5.1' ],
16 silly audit   'yargs-parser': [ '21.1.1' ],
16 silly audit   'yocto-queue': [ '1.1.1' ]
16 silly audit }
17 verbose reify failed optional dependency /mnt/c/Users/bmd-tech/Downloads/Gestion-Dette-Boutiquier-Symfony-cour_3/node_modules/fsevents
18 silly reify mark deleted [
18 silly reify   '/mnt/c/Users/bmd-tech/Downloads/Gestion-Dette-Boutiquier-Symfony-cour_3/node_modules/fsevents'
18 silly reify ]
19 http fetch POST 200 https://registry.npmjs.org/-/npm/v1/security/advisories/bulk 2717ms
20 silly audit report {}
21 info run core-js@3.38.1 postinstall node_modules/core-js node -e "try{require('./postinstall')}catch(e){}"
22 info run core-js@3.38.1 postinstall { code: 0, signal: null }
23 silly ADD node_modules/yocto-queue
24 silly ADD node_modules/yargs-parser
25 silly ADD node_modules/yaml
26 silly ADD node_modules/yallist
27 silly ADD node_modules/wrap-ansi-cjs
28 silly ADD node_modules/wrap-ansi-cjs/node_modules/color-name
29 silly ADD node_modules/wrap-ansi-cjs/node_modules/color-convert
30 silly ADD node_modules/wrap-ansi-cjs/node_modules/ansi-styles
31 silly ADD node_modules/wrap-ansi
32 silly ADD node_modules/wrap-ansi/node_modules/strip-ansi
33 silly ADD node_modules/wrap-ansi/node_modules/string-width
34 silly ADD node_modules/wrap-ansi/node_modules/emoji-regex
35 silly ADD node_modules/wrap-ansi/node_modules/ansi-styles
36 silly ADD node_modules/wrap-ansi/node_modules/ansi-regex
37 silly ADD node_modules/wildcard
38 silly ADD node_modules/which
39 silly ADD node_modules/webpack-sources
40 silly ADD node_modules/webpack-notifier
41 silly ADD node_modules/webpack-merge
42 silly ADD node_modules/webpack-cli
43 silly ADD node_modules/webpack-cli/node_modules/commander
44 silly ADD node_modules/webpack
45 silly ADD node_modules/webpack/node_modules/schema-utils
46 silly ADD node_modules/webpack/node_modules/json-schema-traverse
47 silly ADD node_modules/webpack/node_modules/ajv-keywords
48 silly ADD node_modules/webpack/node_modules/ajv
49 silly ADD node_modules/watchpack
50 silly ADD node_modules/uuid
51 silly ADD node_modules/utila
52 silly ADD node_modules/util-deprecate
53 silly ADD node_modules/uri-js
54 silly ADD node_modules/update-browserslist-db
55 silly ADD node_modules/unicode-property-aliases-ecmascript
56 silly ADD node_modules/unicode-match-property-value-ecmascript
57 silly ADD node_modules/unicode-match-property-ecmascript
58 silly ADD node_modules/unicode-canonical-property-names-ecmascript
59 silly ADD node_modules/undici-types
60 silly ADD node_modules/ts-interface-checker
61 silly ADD node_modules/to-regex-range
62 silly ADD node_modules/to-fast-properties
63 silly ADD node_modules/tmp
64 silly ADD node_modules/thenify-all
65 silly ADD node_modules/thenify
66 silly ADD node_modules/terser-webpack-plugin
67 silly ADD node_modules/terser-webpack-plugin/node_modules/supports-color
68 silly ADD node_modules/terser-webpack-plugin/node_modules/schema-utils
69 silly ADD node_modules/terser-webpack-plugin/node_modules/json-schema-traverse
70 silly ADD node_modules/terser-webpack-plugin/node_modules/jest-worker
71 silly ADD node_modules/terser-webpack-plugin/node_modules/has-flag
72 silly ADD node_modules/terser-webpack-plugin/node_modules/ajv-keywords
73 silly ADD node_modules/terser-webpack-plugin/node_modules/ajv
74 silly ADD node_modules/terser
75 silly ADD node_modules/terser/node_modules/commander
76 silly ADD node_modules/tapable
77 silly ADD node_modules/tailwindcss
78 silly ADD node_modules/tailwindcss/node_modules/lilconfig
79 silly ADD node_modules/svgo
80 silly ADD node_modules/svgo/node_modules/entities
81 silly ADD node_modules/svgo/node_modules/domutils
82 silly ADD node_modules/svgo/node_modules/domhandler
83 silly ADD node_modules/svgo/node_modules/dom-serializer
84 silly ADD node_modules/svgo/node_modules/css-select
85 silly ADD node_modules/supports-preserve-symlinks-flag
86 silly ADD node_modules/supports-color
87 silly ADD node_modules/sucrase
88 silly ADD node_modules/sucrase/node_modules/commander
89 silly ADD node_modules/stylehacks
90 silly ADD node_modules/style-loader
91 silly ADD node_modules/strip-ansi-cjs
92 silly ADD node_modules/strip-ansi
93 silly ADD node_modules/string-width-cjs
94 silly ADD node_modules/string-width
95 silly ADD node_modules/stimulus
96 silly ADD node_modules/stackframe
97 silly ADD node_modules/source-map-support
98 silly ADD node_modules/source-map-js
99 silly ADD node_modules/source-map
100 silly ADD node_modules/signal-exit
101 silly ADD node_modules/shellwords
102 silly ADD node_modules/shebang-regex
103 silly ADD node_modules/shebang-command
104 silly ADD node_modules/shallow-clone
105 silly ADD node_modules/serialize-javascript
106 silly ADD node_modules/semver
107 silly ADD node_modules/schema-utils
108 silly ADD node_modules/safe-buffer
109 silly ADD node_modules/run-parallel
110 silly ADD node_modules/reusify
111 silly ADD node_modules/resolve-url-loader
112 silly ADD node_modules/resolve-url-loader/node_modules/convert-source-map
113 silly ADD node_modules/resolve-from
114 silly ADD node_modules/resolve-cwd
115 silly ADD node_modules/resolve-cwd/node_modules/resolve-from
116 silly ADD node_modules/resolve
117 silly ADD node_modules/require-from-string
118 silly ADD node_modules/renderkid
119 silly ADD node_modules/regjsparser
120 silly ADD node_modules/regjsgen
121 silly ADD node_modules/regexpu-core
122 silly ADD node_modules/regex-parser
123 silly ADD node_modules/regenerator-transform
124 silly ADD node_modules/regenerator-runtime
125 silly ADD node_modules/regenerate-unicode-properties
126 silly ADD node_modules/regenerate
127 silly ADD node_modules/rechoir
128 silly ADD node_modules/readdirp
129 silly ADD node_modules/read-cache
130 silly ADD node_modules/randombytes
131 silly ADD node_modules/queue-microtask
132 silly ADD node_modules/punycode
133 silly ADD node_modules/pretty-error
134 silly ADD node_modules/postcss-value-parser
135 silly ADD node_modules/postcss-unique-selectors
136 silly ADD node_modules/postcss-svgo
137 silly ADD node_modules/postcss-selector-parser
138 silly ADD node_modules/postcss-reduce-transforms
139 silly ADD node_modules/postcss-reduce-initial
140 silly ADD node_modules/postcss-ordered-values
141 silly ADD node_modules/postcss-normalize-whitespace
142 silly ADD node_modules/postcss-normalize-url
143 silly ADD node_modules/postcss-normalize-unicode
144 silly ADD node_modules/postcss-normalize-timing-functions
145 silly ADD node_modules/postcss-normalize-string
146 silly ADD node_modules/postcss-normalize-repeat-style
147 silly ADD node_modules/postcss-normalize-positions
148 silly ADD node_modules/postcss-normalize-display-values
149 silly ADD node_modules/postcss-normalize-charset
150 silly ADD node_modules/postcss-nested
151 silly ADD node_modules/postcss-modules-values
152 silly ADD node_modules/postcss-modules-scope
153 silly ADD node_modules/postcss-modules-local-by-default
154 silly ADD node_modules/postcss-modules-extract-imports
155 silly ADD node_modules/postcss-minify-selectors
156 silly ADD node_modules/postcss-minify-params
157 silly ADD node_modules/postcss-minify-gradients
158 silly ADD node_modules/postcss-minify-font-values
159 silly ADD node_modules/postcss-merge-rules
160 silly ADD node_modules/postcss-merge-longhand
161 silly ADD node_modules/postcss-loader
162 silly ADD node_modules/postcss-loader/node_modules/semver
163 silly ADD node_modules/postcss-load-config
164 silly ADD node_modules/postcss-js
165 silly ADD node_modules/postcss-import
166 silly ADD node_modules/postcss-discard-overridden
167 silly ADD node_modules/postcss-discard-empty
168 silly ADD node_modules/postcss-discard-duplicates
169 silly ADD node_modules/postcss-discard-comments
170 silly ADD node_modules/postcss-convert-values
171 silly ADD node_modules/postcss-colormin
172 silly ADD node_modules/postcss-calc
173 silly ADD node_modules/postcss
174 silly ADD node_modules/pkg-dir
175 silly ADD node_modules/pirates
176 silly ADD node_modules/pify
177 silly ADD node_modules/picomatch
178 silly ADD node_modules/picocolors
179 silly ADD node_modules/path-scurry
180 silly ADD node_modules/path-scurry/node_modules/lru-cache
181 silly ADD node_modules/path-parse
182 silly ADD node_modules/path-key
183 silly ADD node_modules/path-exists
184 silly ADD node_modules/parse-json
185 silly ADD node_modules/parent-module
186 silly ADD node_modules/package-json-from-dist
187 silly ADD node_modules/p-try
188 silly ADD node_modules/p-locate
189 silly ADD node_modules/p-limit
190 silly ADD node_modules/object-hash
191 silly ADD node_modules/object-assign
192 silly ADD node_modules/nth-check
193 silly ADD node_modules/normalize-range
194 silly ADD node_modules/normalize-path
195 silly ADD node_modules/node-releases
196 silly ADD node_modules/node-notifier
197 silly ADD node_modules/node-notifier/node_modules/semver
198 silly ADD node_modules/neo-async
199 silly ADD node_modules/nanoid
200 silly ADD node_modules/mz
201 silly ADD node_modules/ms
202 silly ADD node_modules/minipass
203 silly ADD node_modules/minimatch
204 silly ADD node_modules/mini-css-extract-plugin
205 silly ADD node_modules/mime-types
206 silly ADD node_modules/mime-db
207 silly ADD node_modules/micromatch
208 silly ADD node_modules/merge2
209 silly ADD node_modules/merge-stream
210 silly ADD node_modules/mdn-data
211 silly ADD node_modules/lru-cache
212 silly ADD node_modules/lodash.uniq
213 silly ADD node_modules/lodash.memoize
214 silly ADD node_modules/lodash.debounce
215 silly ADD node_modules/lodash
216 silly ADD node_modules/locate-path
217 silly ADD node_modules/loader-utils
218 silly ADD node_modules/loader-runner
219 silly ADD node_modules/lines-and-columns
220 silly ADD node_modules/lilconfig
221 silly ADD node_modules/kind-of
222 silly ADD node_modules/json5
223 silly ADD node_modules/json-schema-traverse
224 silly ADD node_modules/json-parse-even-better-errors
225 silly ADD node_modules/jsesc
226 silly ADD node_modules/js-yaml
227 silly ADD node_modules/js-tokens
228 silly ADD node_modules/jiti
229 silly ADD node_modules/jest-worker
230 silly ADD node_modules/jest-worker/node_modules/supports-color
231 silly ADD node_modules/jest-worker/node_modules/has-flag
232 silly ADD node_modules/jest-util
233 silly ADD node_modules/jest-util/node_modules/supports-color
234 silly ADD node_modules/jest-util/node_modules/has-flag
235 silly ADD node_modules/jest-util/node_modules/color-name
236 silly ADD node_modules/jest-util/node_modules/color-convert
237 silly ADD node_modules/jest-util/node_modules/chalk
238 silly ADD node_modules/jest-util/node_modules/ansi-styles
239 silly ADD node_modules/jackspeak
240 silly ADD node_modules/isobject
241 silly ADD node_modules/isexe
242 silly ADD node_modules/is-wsl
243 silly ADD node_modules/is-plain-object
244 silly ADD node_modules/is-number
245 silly ADD node_modules/is-glob
246 silly ADD node_modules/is-fullwidth-code-point
247 silly ADD node_modules/is-extglob
248 silly ADD node_modules/is-docker
249 silly ADD node_modules/is-core-module
250 silly ADD node_modules/is-binary-path
251 silly ADD node_modules/is-arrayish
252 silly ADD node_modules/interpret
253 silly ADD node_modules/import-local
254 silly ADD node_modules/import-local/node_modules/pkg-dir
255 silly ADD node_modules/import-local/node_modules/path-exists
256 silly ADD node_modules/import-local/node_modules/p-locate
257 silly ADD node_modules/import-local/node_modules/p-limit
258 silly ADD node_modules/import-local/node_modules/locate-path
259 silly ADD node_modules/import-local/node_modules/find-up
260 silly ADD node_modules/import-fresh
261 silly ADD node_modules/icss-utils
262 silly ADD node_modules/htmlparser2
263 silly ADD node_modules/hasown
264 silly ADD node_modules/has-flag
265 silly ADD node_modules/growly
266 silly ADD node_modules/graceful-fs
267 silly ADD node_modules/globals
268 silly ADD node_modules/glob-to-regexp
269 silly ADD node_modules/glob-parent
270 silly ADD node_modules/glob
271 silly ADD node_modules/gensync
272 silly ADD node_modules/function-bind
273 silly ADD
274 silly ADD node_modules/fraction.js
275 silly ADD node_modules/foreground-child
276 silly ADD node_modules/flat
277 silly ADD node_modules/find-up
278 silly ADD node_modules/find-cache-dir
279 silly ADD node_modules/fill-range
280 silly ADD node_modules/fastq
281 silly ADD node_modules/fastparse
282 silly ADD node_modules/fastest-levenshtein
283 silly ADD node_modules/fast-uri
284 silly ADD node_modules/fast-json-stable-stringify
285 silly ADD node_modules/fast-glob
286 silly ADD node_modules/fast-glob/node_modules/glob-parent
287 silly ADD node_modules/fast-deep-equal
288 silly ADD node_modules/events
289 silly ADD node_modules/esutils
290 silly ADD node_modules/estraverse
291 silly ADD node_modules/esrecurse
292 silly ADD node_modules/esrecurse/node_modules/estraverse
293 silly ADD node_modules/eslint-scope
294 silly ADD node_modules/escape-string-regexp
295 silly ADD node_modules/escalade
296 silly ADD node_modules/es-module-lexer
297 silly ADD node_modules/error-stack-parser
298 silly ADD node_modules/error-ex
299 silly ADD node_modules/envinfo
300 silly ADD node_modules/env-paths
301 silly ADD node_modules/entities
302 silly ADD node_modules/enhanced-resolve
303 silly ADD node_modules/emojis-list
304 silly ADD node_modules/emoji-regex
305 silly ADD node_modules/electron-to-chromium
306 silly ADD node_modules/eastasianwidth
307 silly ADD node_modules/domutils
308 silly ADD node_modules/domhandler
309 silly ADD node_modules/domelementtype
310 silly ADD node_modules/dom-serializer
311 silly ADD node_modules/dom-converter
312 silly ADD node_modules/dlv
313 silly ADD node_modules/didyoumean
314 silly ADD node_modules/debug
315 silly ADD node_modules/daisyui
316 silly ADD node_modules/culori
317 silly ADD node_modules/csso
318 silly ADD node_modules/csso/node_modules/mdn-data
319 silly ADD node_modules/csso/node_modules/css-tree
320 silly ADD node_modules/cssnano-utils
321 silly ADD node_modules/cssnano-preset-default
322 silly ADD node_modules/cssnano
323 silly ADD node_modules/cssesc
324 silly ADD node_modules/css-what
325 silly ADD node_modules/css-tree
326 silly ADD node_modules/css-selector-tokenizer
327 silly ADD node_modules/css-select
328 silly ADD node_modules/css-minimizer-webpack-plugin
329 silly ADD node_modules/css-loader
330 silly ADD node_modules/css-loader/node_modules/semver
331 silly ADD node_modules/css-declaration-sorter
332 silly ADD node_modules/cross-spawn
333 silly ADD node_modules/cosmiconfig
334 silly ADD node_modules/core-js-compat
335 silly ADD node_modules/core-js
336 silly ADD node_modules/convert-source-map
337 silly ADD node_modules/consola
338 silly ADD node_modules/common-path-prefix
339 silly ADD node_modules/commander
340 silly ADD node_modules/colorette
341 silly ADD node_modules/colord
342 silly ADD node_modules/color-name
343 silly ADD node_modules/color-convert
344 silly ADD node_modules/clone-deep
345 silly ADD node_modules/ci-info
346 silly ADD node_modules/chrome-trace-event
347 silly ADD node_modules/chokidar
348 silly ADD node_modules/chokidar/node_modules/glob-parent
349 silly ADD node_modules/chalk
350 silly ADD node_modules/caniuse-lite
351 silly ADD node_modules/caniuse-api
352 silly ADD node_modules/camelcase-css
353 silly ADD node_modules/callsites
354 silly ADD node_modules/buffer-from
355 silly ADD node_modules/browserslist
356 silly ADD node_modules/braces
357 silly ADD node_modules/brace-expansion
358 silly ADD node_modules/boolbase
359 silly ADD node_modules/binary-extensions
360 silly ADD node_modules/big.js
361 silly ADD node_modules/balanced-match
362 silly ADD node_modules/babel-plugin-polyfill-regenerator
363 silly ADD node_modules/babel-plugin-polyfill-corejs3
364 silly ADD node_modules/babel-plugin-polyfill-corejs2
365 silly ADD node_modules/babel-loader
366 silly ADD node_modules/autoprefixer
367 silly ADD node_modules/argparse
368 silly ADD node_modules/arg
369 silly ADD node_modules/anymatch
370 silly ADD node_modules/any-promise
371 silly ADD node_modules/ansi-styles
372 silly ADD node_modules/ansi-regex
373 silly ADD node_modules/ajv-keywords
374 silly ADD node_modules/ajv-formats
375 silly ADD node_modules/ajv
376 silly ADD node_modules/adjust-sourcemap-loader
377 silly ADD node_modules/acorn-import-attributes
378 silly ADD node_modules/acorn
379 silly ADD node_modules/@xtuc/long
380 silly ADD node_modules/@xtuc/ieee754
381 silly ADD node_modules/@webpack-cli/serve
382 silly ADD node_modules/@webpack-cli/info
383 silly ADD node_modules/@webpack-cli/configtest
384 silly ADD node_modules/@webassemblyjs/wast-printer
385 silly ADD node_modules/@webassemblyjs/wasm-parser
386 silly ADD node_modules/@webassemblyjs/wasm-opt
387 silly ADD node_modules/@webassemblyjs/wasm-gen
388 silly ADD node_modules/@webassemblyjs/wasm-edit
389 silly ADD node_modules/@webassemblyjs/utf8
390 silly ADD node_modules/@webassemblyjs/leb128
391 silly ADD node_modules/@webassemblyjs/ieee754
392 silly ADD node_modules/@webassemblyjs/helper-wasm-section
393 silly ADD node_modules/@webassemblyjs/helper-wasm-bytecode
394 silly ADD node_modules/@webassemblyjs/helper-numbers
395 silly ADD node_modules/@webassemblyjs/helper-buffer
396 silly ADD node_modules/@webassemblyjs/helper-api-error
397 silly ADD node_modules/@webassemblyjs/floating-point-hex-parser
398 silly ADD node_modules/@webassemblyjs/ast
399 silly ADD node_modules/@types/yargs-parser
400 silly ADD node_modules/@types/yargs
401 silly ADD node_modules/@types/node
402 silly ADD node_modules/@types/json-schema
403 silly ADD node_modules/@types/istanbul-reports
404 silly ADD node_modules/@types/istanbul-lib-report
405 silly ADD node_modules/@types/istanbul-lib-coverage
406 silly ADD node_modules/@types/estree
407 silly ADD node_modules/@trysound/sax
408 silly ADD node_modules/@symfony/webpack-encore
409 silly ADD node_modules/@symfony/webpack-encore/node_modules/semver
410 silly ADD node_modules/@sinclair/typebox
411 silly ADD node_modules/@pkgjs/parseargs
412 silly ADD node_modules/@nuxt/friendly-errors-webpack-plugin
413 silly ADD node_modules/@nodelib/fs.walk
414 silly ADD node_modules/@nodelib/fs.stat
415 silly ADD node_modules/@nodelib/fs.scandir
416 silly ADD node_modules/@jridgewell/trace-mapping
417 silly ADD node_modules/@jridgewell/sourcemap-codec
418 silly ADD node_modules/@jridgewell/source-map
419 silly ADD node_modules/@jridgewell/set-array
420 silly ADD node_modules/@jridgewell/resolve-uri
421 silly ADD node_modules/@jridgewell/gen-mapping
422 silly ADD node_modules/@jest/types
423 silly ADD node_modules/@jest/types/node_modules/supports-color
424 silly ADD node_modules/@jest/types/node_modules/has-flag
425 silly ADD node_modules/@jest/types/node_modules/color-name
426 silly ADD node_modules/@jest/types/node_modules/color-convert
427 silly ADD node_modules/@jest/types/node_modules/chalk
428 silly ADD node_modules/@jest/types/node_modules/ansi-styles
429 silly ADD node_modules/@jest/schemas
430 silly ADD node_modules/@isaacs/cliui
431 silly ADD node_modules/@isaacs/cliui/node_modules/strip-ansi
432 silly ADD node_modules/@isaacs/cliui/node_modules/string-width
433 silly ADD node_modules/@isaacs/cliui/node_modules/emoji-regex
434 silly ADD node_modules/@isaacs/cliui/node_modules/ansi-regex
435 silly ADD node_modules/@hotwired/stimulus-webpack-helpers
436 silly ADD node_modules/@hotwired/stimulus
437 silly ADD node_modules/@discoveryjs/json-ext
438 silly ADD node_modules/@babel/types
439 silly ADD node_modules/@babel/traverse
440 silly ADD node_modules/@babel/template
441 silly ADD node_modules/@babel/runtime
442 silly ADD node_modules/@babel/runtime/node_modules/regenerator-runtime
443 silly ADD node_modules/@babel/preset-modules
444 silly ADD node_modules/@babel/preset-env
445 silly ADD node_modules/@babel/plugin-transform-unicode-sets-regex
446 silly ADD node_modules/@babel/plugin-transform-unicode-regex
447 silly ADD node_modules/@babel/plugin-transform-unicode-property-regex
448 silly ADD node_modules/@babel/plugin-transform-unicode-escapes
449 silly ADD node_modules/@babel/plugin-transform-typeof-symbol
450 silly ADD node_modules/@babel/plugin-transform-template-literals
451 silly ADD node_modules/@babel/plugin-transform-sticky-regex
452 silly ADD node_modules/@babel/plugin-transform-spread
453 silly ADD node_modules/@babel/plugin-transform-shorthand-properties
454 silly ADD node_modules/@babel/plugin-transform-reserved-words
455 silly ADD node_modules/@babel/plugin-transform-regenerator
456 silly ADD node_modules/@babel/plugin-transform-property-literals
457 silly ADD node_modules/@babel/plugin-transform-private-property-in-object
458 silly ADD node_modules/@babel/plugin-transform-private-methods
459 silly ADD node_modules/@babel/plugin-transform-parameters
460 silly ADD node_modules/@babel/plugin-transform-optional-chaining
461 silly ADD node_modules/@babel/plugin-transform-optional-catch-binding
462 silly ADD node_modules/@babel/plugin-transform-object-super
463 silly ADD node_modules/@babel/plugin-transform-object-rest-spread
464 silly ADD node_modules/@babel/plugin-transform-numeric-separator
465 silly ADD node_modules/@babel/plugin-transform-nullish-coalescing-operator
466 silly ADD node_modules/@babel/plugin-transform-new-target
467 silly ADD node_modules/@babel/plugin-transform-named-capturing-groups-regex
468 silly ADD node_modules/@babel/plugin-transform-modules-umd
469 silly ADD node_modules/@babel/plugin-transform-modules-systemjs
470 silly ADD node_modules/@babel/plugin-transform-modules-commonjs
471 silly ADD node_modules/@babel/plugin-transform-modules-amd
472 silly ADD node_modules/@babel/plugin-transform-member-expression-literals
473 silly ADD node_modules/@babel/plugin-transform-logical-assignment-operators
474 silly ADD node_modules/@babel/plugin-transform-literals
475 silly ADD node_modules/@babel/plugin-transform-json-strings
476 silly ADD node_modules/@babel/plugin-transform-function-name
477 silly ADD node_modules/@babel/plugin-transform-for-of
478 silly ADD node_modules/@babel/plugin-transform-export-namespace-from
479 silly ADD node_modules/@babel/plugin-transform-exponentiation-operator
480 silly ADD node_modules/@babel/plugin-transform-dynamic-import
481 silly ADD node_modules/@babel/plugin-transform-duplicate-named-capturing-groups-regex
482 silly ADD node_modules/@babel/plugin-transform-duplicate-keys
483 silly ADD node_modules/@babel/plugin-transform-dotall-regex
484 silly ADD node_modules/@babel/plugin-transform-destructuring
485 silly ADD node_modules/@babel/plugin-transform-computed-properties
486 silly ADD node_modules/@babel/plugin-transform-classes
487 silly ADD node_modules/@babel/plugin-transform-class-static-block
488 silly ADD node_modules/@babel/plugin-transform-class-properties
489 silly ADD node_modules/@babel/plugin-transform-block-scoping
490 silly ADD node_modules/@babel/plugin-transform-block-scoped-functions
491 silly ADD node_modules/@babel/plugin-transform-async-to-generator
492 silly ADD node_modules/@babel/plugin-transform-async-generator-functions
493 silly ADD node_modules/@babel/plugin-transform-arrow-functions
494 silly ADD node_modules/@babel/plugin-syntax-unicode-sets-regex
495 silly ADD node_modules/@babel/plugin-syntax-top-level-await
496 silly ADD node_modules/@babel/plugin-syntax-private-property-in-object
497 silly ADD node_modules/@babel/plugin-syntax-optional-chaining
498 silly ADD node_modules/@babel/plugin-syntax-optional-catch-binding
499 silly ADD node_modules/@babel/plugin-syntax-object-rest-spread
500 silly ADD node_modules/@babel/plugin-syntax-numeric-separator
501 silly ADD node_modules/@babel/plugin-syntax-nullish-coalescing-operator
502 silly ADD node_modules/@babel/plugin-syntax-logical-assignment-operators
503 silly ADD node_modules/@babel/plugin-syntax-json-strings
504 silly ADD node_modules/@babel/plugin-syntax-import-meta
505 silly ADD node_modules/@babel/plugin-syntax-import-attributes
506 silly ADD node_modules/@babel/plugin-syntax-import-assertions
507 silly ADD node_modules/@babel/plugin-syntax-export-namespace-from
508 silly ADD node_modules/@babel/plugin-syntax-dynamic-import
509 silly ADD node_modules/@babel/plugin-syntax-class-static-block
510 silly ADD node_modules/@babel/plugin-syntax-class-properties
511 silly ADD node_modules/@babel/plugin-syntax-async-generators
512 silly ADD node_modules/@babel/plugin-proposal-private-property-in-object
513 silly ADD node_modules/@babel/plugin-bugfix-v8-static-class-fields-redefine-readonly
514 silly ADD node_modules/@babel/plugin-bugfix-v8-spread-parameters-in-optional-chaining
515 silly ADD node_modules/@babel/plugin-bugfix-safari-id-destructuring-collision-in-function-expression
516 silly ADD node_modules/@babel/plugin-bugfix-safari-class-field-initializer-scope
517 silly ADD node_modules/@babel/plugin-bugfix-firefox-class-in-computed-class-key
518 silly ADD node_modules/@babel/parser
519 silly ADD node_modules/@babel/highlight
520 silly ADD node_modules/@babel/helpers
521 silly ADD node_modules/@babel/helper-wrap-function
522 silly ADD node_modules/@babel/helper-validator-option
523 silly ADD node_modules/@babel/helper-validator-identifier
524 silly ADD node_modules/@babel/helper-string-parser
525 silly ADD node_modules/@babel/helper-skip-transparent-expression-wrappers
526 silly ADD node_modules/@babel/helper-simple-access
527 silly ADD node_modules/@babel/helper-replace-supers
528 silly ADD node_modules/@babel/helper-remap-async-to-generator
529 silly ADD node_modules/@babel/helper-plugin-utils
530 silly ADD node_modules/@babel/helper-optimise-call-expression
531 silly ADD node_modules/@babel/helper-module-transforms
532 silly ADD node_modules/@babel/helper-module-imports
533 silly ADD node_modules/@babel/helper-member-expression-to-functions
534 silly ADD node_modules/@babel/helper-define-polyfill-provider
535 silly ADD node_modules/@babel/helper-create-regexp-features-plugin
536 silly ADD node_modules/@babel/helper-create-class-features-plugin
537 silly ADD node_modules/@babel/helper-compilation-targets
538 silly ADD node_modules/@babel/helper-builder-binary-assignment-operator-visitor
539 silly ADD node_modules/@babel/helper-annotate-as-pure
540 silly ADD node_modules/@babel/generator
541 silly ADD node_modules/@babel/core
542 silly ADD node_modules/@babel/compat-data
543 silly ADD node_modules/@babel/code-frame
544 silly ADD node_modules/@ampproject/remapping
545 silly ADD node_modules/@alloc/quick-lru
546 verbose cwd /mnt/c/Users/bmd-tech/Downloads/Gestion-Dette-Boutiquier-Symfony-cour_3
547 verbose os Linux 5.15.153.1-microsoft-standard-WSL2
548 verbose node v22.9.0
549 verbose npm  v10.9.0
550 verbose exit 0
551 info ok
