0 verbose cli /usr/bin/node /usr/bin/npm
1 info using npm@10.9.0
2 info using node@v22.9.0
3 silly config load:file:/usr/lib/node_modules/npm/npmrc
4 silly config load:file:/mnt/c/Users/bmd-tech/Downloads/boutiquedette/.npmrc
5 silly config load:file:/home/yafily/.npmrc
6 silly config load:file:/usr/etc/npmrc
7 verbose title npm install
8 verbose argv "install"
9 verbose logfile logs-max:10 dir:/home/yafily/.npm/_logs/2024-10-18T09_09_41_065Z-
10 verbose logfile /home/yafily/.npm/_logs/2024-10-18T09_09_41_065Z-debug-0.log
11 silly logfile start cleaning logs, removing 1 files
12 silly logfile done cleaning log files
13 silly packumentCache heap:2076704768 maxSize:519176192 maxEntrySize:259588096
14 silly idealTree buildDeps
15 silly reify moves {}
16 silly audit bulk request {
16 silly audit   '@alloc/quick-lru': [ '5.2.0' ],
16 silly audit   '@ampproject/remapping': [ '2.3.0' ],
16 silly audit   '@babel/code-frame': [ '7.25.7' ],
16 silly audit   '@babel/compat-data': [ '7.25.8' ],
16 silly audit   '@babel/core': [ '7.25.8' ],
16 silly audit   '@babel/generator': [ '7.25.7' ],
16 silly audit   '@babel/helper-annotate-as-pure': [ '7.25.7' ],
16 silly audit   '@babel/helper-builder-binary-assignment-operator-visitor': [ '7.25.7' ],
16 silly audit   '@babel/helper-compilation-targets': [ '7.25.7' ],
16 silly audit   '@babel/helper-create-class-features-plugin': [ '7.25.7' ],
16 silly audit   '@babel/helper-create-regexp-features-plugin': [ '7.25.7' ],
16 silly audit   '@babel/helper-define-polyfill-provider': [ '0.6.2' ],
16 silly audit   '@babel/helper-member-expression-to-functions': [ '7.25.7' ],
16 silly audit   '@babel/helper-module-imports': [ '7.25.7' ],
16 silly audit   '@babel/helper-module-transforms': [ '7.25.7' ],
16 silly audit   '@babel/helper-optimise-call-expression': [ '7.25.7' ],
16 silly audit   '@babel/helper-plugin-utils': [ '7.25.7' ],
16 silly audit   '@babel/helper-remap-async-to-generator': [ '7.25.7' ],
16 silly audit   '@babel/helper-replace-supers': [ '7.25.7' ],
16 silly audit   '@babel/helper-simple-access': [ '7.25.7' ],
16 silly audit   '@babel/helper-skip-transparent-expression-wrappers': [ '7.25.7' ],
16 silly audit   '@babel/helper-string-parser': [ '7.25.7' ],
16 silly audit   '@babel/helper-validator-identifier': [ '7.25.7' ],
16 silly audit   '@babel/helper-validator-option': [ '7.25.7' ],
16 silly audit   '@babel/helper-wrap-function': [ '7.25.7' ],
16 silly audit   '@babel/helpers': [ '7.25.7' ],
16 silly audit   '@babel/highlight': [ '7.25.7' ],
16 silly audit   '@babel/parser': [ '7.25.8' ],
16 silly audit   '@babel/plugin-bugfix-firefox-class-in-computed-class-key': [ '7.25.7' ],
16 silly audit   '@babel/plugin-bugfix-safari-class-field-initializer-scope': [ '7.25.7' ],
16 silly audit   '@babel/plugin-bugfix-safari-id-destructuring-collision-in-function-expression': [ '7.25.7' ],
16 silly audit   '@babel/plugin-bugfix-v8-spread-parameters-in-optional-chaining': [ '7.25.7' ],
16 silly audit   '@babel/plugin-bugfix-v8-static-class-fields-redefine-readonly': [ '7.25.7' ],
16 silly audit   '@babel/plugin-proposal-private-property-in-object': [ '7.21.0-placeholder-for-preset-env.2' ],
16 silly audit   '@babel/plugin-syntax-import-assertions': [ '7.25.7' ],
16 silly audit   '@babel/plugin-syntax-import-attributes': [ '7.25.7' ],
16 silly audit   '@babel/plugin-syntax-unicode-sets-regex': [ '7.18.6' ],
16 silly audit   '@babel/plugin-transform-arrow-functions': [ '7.25.7' ],
16 silly audit   '@babel/plugin-transform-async-generator-functions': [ '7.25.8' ],
16 silly audit   '@babel/plugin-transform-async-to-generator': [ '7.25.7' ],
16 silly audit   '@babel/plugin-transform-block-scoped-functions': [ '7.25.7' ],
16 silly audit   '@babel/plugin-transform-block-scoping': [ '7.25.7' ],
16 silly audit   '@babel/plugin-transform-class-properties': [ '7.25.7' ],
16 silly audit   '@babel/plugin-transform-class-static-block': [ '7.25.8' ],
16 silly audit   '@babel/plugin-transform-classes': [ '7.25.7' ],
16 silly audit   '@babel/plugin-transform-computed-properties': [ '7.25.7' ],
16 silly audit   '@babel/plugin-transform-destructuring': [ '7.25.7' ],
16 silly audit   '@babel/plugin-transform-dotall-regex': [ '7.25.7' ],
16 silly audit   '@babel/plugin-transform-duplicate-keys': [ '7.25.7' ],
16 silly audit   '@babel/plugin-transform-duplicate-named-capturing-groups-regex': [ '7.25.7' ],
16 silly audit   '@babel/plugin-transform-dynamic-import': [ '7.25.8' ],
16 silly audit   '@babel/plugin-transform-exponentiation-operator': [ '7.25.7' ],
16 silly audit   '@babel/plugin-transform-export-namespace-from': [ '7.25.8' ],
16 silly audit   '@babel/plugin-transform-for-of': [ '7.25.7' ],
16 silly audit   '@babel/plugin-transform-function-name': [ '7.25.7' ],
16 silly audit   '@babel/plugin-transform-json-strings': [ '7.25.8' ],
16 silly audit   '@babel/plugin-transform-literals': [ '7.25.7' ],
16 silly audit   '@babel/plugin-transform-logical-assignment-operators': [ '7.25.8' ],
16 silly audit   '@babel/plugin-transform-member-expression-literals': [ '7.25.7' ],
16 silly audit   '@babel/plugin-transform-modules-amd': [ '7.25.7' ],
16 silly audit   '@babel/plugin-transform-modules-commonjs': [ '7.25.7' ],
16 silly audit   '@babel/plugin-transform-modules-systemjs': [ '7.25.7' ],
16 silly audit   '@babel/plugin-transform-modules-umd': [ '7.25.7' ],
16 silly audit   '@babel/plugin-transform-named-capturing-groups-regex': [ '7.25.7' ],
16 silly audit   '@babel/plugin-transform-new-target': [ '7.25.7' ],
16 silly audit   '@babel/plugin-transform-nullish-coalescing-operator': [ '7.25.8' ],
16 silly audit   '@babel/plugin-transform-numeric-separator': [ '7.25.8' ],
16 silly audit   '@babel/plugin-transform-object-rest-spread': [ '7.25.8' ],
16 silly audit   '@babel/plugin-transform-object-super': [ '7.25.7' ],
16 silly audit   '@babel/plugin-transform-optional-catch-binding': [ '7.25.8' ],
16 silly audit   '@babel/plugin-transform-optional-chaining': [ '7.25.8' ],
16 silly audit   '@babel/plugin-transform-parameters': [ '7.25.7' ],
16 silly audit   '@babel/plugin-transform-private-methods': [ '7.25.7' ],
16 silly audit   '@babel/plugin-transform-private-property-in-object': [ '7.25.8' ],
16 silly audit   '@babel/plugin-transform-property-literals': [ '7.25.7' ],
16 silly audit   '@babel/plugin-transform-regenerator': [ '7.25.7' ],
16 silly audit   '@babel/plugin-transform-reserved-words': [ '7.25.7' ],
16 silly audit   '@babel/plugin-transform-shorthand-properties': [ '7.25.7' ],
16 silly audit   '@babel/plugin-transform-spread': [ '7.25.7' ],
16 silly audit   '@babel/plugin-transform-sticky-regex': [ '7.25.7' ],
16 silly audit   '@babel/plugin-transform-template-literals': [ '7.25.7' ],
16 silly audit   '@babel/plugin-transform-typeof-symbol': [ '7.25.7' ],
16 silly audit   '@babel/plugin-transform-unicode-escapes': [ '7.25.7' ],
16 silly audit   '@babel/plugin-transform-unicode-property-regex': [ '7.25.7' ],
16 silly audit   '@babel/plugin-transform-unicode-regex': [ '7.25.7' ],
16 silly audit   '@babel/plugin-transform-unicode-sets-regex': [ '7.25.7' ],
16 silly audit   '@babel/preset-env': [ '7.25.8' ],
16 silly audit   '@babel/preset-modules': [ '0.1.6-no-external-plugins' ],
16 silly audit   '@babel/runtime': [ '7.25.7' ],
16 silly audit   'regenerator-runtime': [ '0.14.1', '0.13.11' ],
16 silly audit   '@babel/template': [ '7.25.7' ],
16 silly audit   '@babel/traverse': [ '7.25.7' ],
16 silly audit   '@babel/types': [ '7.25.8' ],
16 silly audit   '@discoveryjs/json-ext': [ '0.5.7' ],
16 silly audit   '@hotwired/stimulus': [ '3.2.2' ],
16 silly audit   '@hotwired/stimulus-webpack-helpers': [ '1.0.1' ],
16 silly audit   '@isaacs/cliui': [ '8.0.2' ],
16 silly audit   'ansi-regex': [ '6.1.0', '5.0.1' ],
16 silly audit   'emoji-regex': [ '9.2.2', '8.0.0' ],
16 silly audit   'string-width': [ '5.1.2', '4.2.3' ],
16 silly audit   'strip-ansi': [ '7.1.0', '6.0.1' ],
16 silly audit   '@jest/schemas': [ '29.6.3' ],
16 silly audit   '@jest/types': [ '29.6.3' ],
16 silly audit   'ansi-styles': [ '4.3.0', '3.2.1', '6.2.1' ],
16 silly audit   chalk: [ '4.1.2', '2.4.2' ],
16 silly audit   'color-convert': [ '2.0.1', '1.9.3' ],
16 silly audit   'color-name': [ '1.1.4', '1.1.3' ],
16 silly audit   'has-flag': [ '4.0.0', '3.0.0' ],
16 silly audit   'supports-color': [ '7.2.0', '8.1.1', '5.5.0' ],
16 silly audit   '@jridgewell/gen-mapping': [ '0.3.5' ],
16 silly audit   '@jridgewell/resolve-uri': [ '3.1.2' ],
16 silly audit   '@jridgewell/set-array': [ '1.2.1' ],
16 silly audit   '@jridgewell/source-map': [ '0.3.6' ],
16 silly audit   '@jridgewell/sourcemap-codec': [ '1.5.0' ],
16 silly audit   '@jridgewell/trace-mapping': [ '0.3.25' ],
16 silly audit   '@nodelib/fs.scandir': [ '2.1.5' ],
16 silly audit   '@nodelib/fs.stat': [ '2.0.5' ],
16 silly audit   '@nodelib/fs.walk': [ '1.2.8' ],
16 silly audit   '@nuxt/friendly-errors-webpack-plugin': [ '2.6.0' ],
16 silly audit   '@pkgjs/parseargs': [ '0.11.0' ],
16 silly audit   '@sinclair/typebox': [ '0.27.8' ],
16 silly audit   '@symfony/stimulus-bridge': [ '3.2.2' ],
16 silly audit   ajv: [ '6.12.6', '8.17.1' ],
16 silly audit   'ajv-keywords': [ '3.5.2', '5.1.0' ],
16 silly audit   'json-schema-traverse': [ '0.4.1', '1.0.0' ],
16 silly audit   'schema-utils': [ '3.3.0', '4.2.0' ],
16 silly audit   '@symfony/webpack-encore': [ '5.0.1' ],
16 silly audit   semver: [ '7.6.3', '6.3.1' ],
16 silly audit   '@trysound/sax': [ '0.2.0' ],
16 silly audit   '@types/estree': [ '1.0.6' ],
16 silly audit   '@types/istanbul-lib-coverage': [ '2.0.6' ],
16 silly audit   '@types/istanbul-lib-report': [ '3.0.3' ],
16 silly audit   '@types/istanbul-reports': [ '3.0.4' ],
16 silly audit   '@types/json-schema': [ '7.0.15' ],
16 silly audit   '@types/node': [ '22.7.6' ],
16 silly audit   '@types/webpack-env': [ '1.18.5' ],
16 silly audit   '@types/yargs': [ '17.0.33' ],
16 silly audit   '@types/yargs-parser': [ '21.0.3' ],
16 silly audit   '@webassemblyjs/ast': [ '1.12.1' ],
16 silly audit   '@webassemblyjs/floating-point-hex-parser': [ '1.11.6' ],
16 silly audit   '@webassemblyjs/helper-api-error': [ '1.11.6' ],
16 silly audit   '@webassemblyjs/helper-buffer': [ '1.12.1' ],
16 silly audit   '@webassemblyjs/helper-numbers': [ '1.11.6' ],
16 silly audit   '@webassemblyjs/helper-wasm-bytecode': [ '1.11.6' ],
16 silly audit   '@webassemblyjs/helper-wasm-section': [ '1.12.1' ],
16 silly audit   '@webassemblyjs/ieee754': [ '1.11.6' ],
16 silly audit   '@webassemblyjs/leb128': [ '1.11.6' ],
16 silly audit   '@webassemblyjs/utf8': [ '1.11.6' ],
16 silly audit   '@webassemblyjs/wasm-edit': [ '1.12.1' ],
16 silly audit   '@webassemblyjs/wasm-gen': [ '1.12.1' ],
16 silly audit   '@webassemblyjs/wasm-opt': [ '1.12.1' ],
16 silly audit   '@webassemblyjs/wasm-parser': [ '1.12.1' ],
16 silly audit   '@webassemblyjs/wast-printer': [ '1.12.1' ],
16 silly audit   '@webpack-cli/configtest': [ '2.1.1' ],
16 silly audit   '@webpack-cli/info': [ '2.0.2' ],
16 silly audit   '@webpack-cli/serve': [ '2.0.5' ],
16 silly audit   '@xtuc/ieee754': [ '1.2.0' ],
16 silly audit   '@xtuc/long': [ '4.2.2' ],
16 silly audit   acorn: [ '8.13.0' ],
16 silly audit   'acorn-import-attributes': [ '1.9.5' ],
16 silly audit   'adjust-sourcemap-loader': [ '4.0.0' ],
16 silly audit   'ajv-formats': [ '2.1.1' ],
16 silly audit   'any-promise': [ '1.3.0' ],
16 silly audit   anymatch: [ '3.1.3' ],
16 silly audit   arg: [ '5.0.2' ],
16 silly audit   argparse: [ '2.0.1' ],
16 silly audit   autoprefixer: [ '10.4.20' ],
16 silly audit   'babel-loader': [ '9.2.1' ],
16 silly audit   'babel-plugin-polyfill-corejs2': [ '0.4.11' ],
16 silly audit   'babel-plugin-polyfill-corejs3': [ '0.10.6' ],
16 silly audit   'babel-plugin-polyfill-regenerator': [ '0.6.2' ],
16 silly audit   'balanced-match': [ '1.0.2' ],
16 silly audit   'big.js': [ '5.2.2' ],
16 silly audit   'binary-extensions': [ '2.3.0' ],
16 silly audit   boolbase: [ '1.0.0' ],
16 silly audit   'brace-expansion': [ '2.0.1' ],
16 silly audit   braces: [ '3.0.3' ],
16 silly audit   browserslist: [ '4.24.0' ],
16 silly audit   'buffer-from': [ '1.1.2' ],
16 silly audit   callsites: [ '3.1.0' ],
16 silly audit   'camelcase-css': [ '2.0.1' ],
16 silly audit   'caniuse-api': [ '3.0.0' ],
16 silly audit   'caniuse-lite': [ '1.0.30001669' ],
16 silly audit   chokidar: [ '3.6.0' ],
16 silly audit   'glob-parent': [ '5.1.2', '6.0.2' ],
16 silly audit   'chrome-trace-event': [ '1.0.4' ],
16 silly audit   'ci-info': [ '3.9.0' ],
16 silly audit   'clone-deep': [ '4.0.1' ],
16 silly audit   colord: [ '2.9.3' ],
16 silly audit   colorette: [ '2.0.20' ],
16 silly audit   commander: [ '7.2.0', '4.1.1', '2.20.3', '10.0.1' ],
16 silly audit   'common-path-prefix': [ '3.0.0' ],
16 silly audit   consola: [ '3.2.3' ],
16 silly audit   'convert-source-map': [ '2.0.0', '1.9.0' ],
16 silly audit   'core-js': [ '3.38.1' ],
16 silly audit   'core-js-compat': [ '3.38.1' ],
16 silly audit   cosmiconfig: [ '9.0.0' ],
16 silly audit   'cross-spawn': [ '7.0.3' ],
16 silly audit   'css-declaration-sorter': [ '7.2.0' ],
16 silly audit   'css-loader': [ '7.1.2' ],
16 silly audit   'css-minimizer-webpack-plugin': [ '7.0.0' ],
16 silly audit   'css-select': [ '4.3.0', '5.1.0' ],
16 silly audit   'css-tree': [ '2.3.1', '2.2.1' ],
16 silly audit   'css-what': [ '6.1.0' ],
16 silly audit   cssesc: [ '3.0.0' ],
16 silly audit   cssnano: [ '7.0.6' ],
16 silly audit   'cssnano-preset-default': [ '7.0.6' ],
16 silly audit   'cssnano-utils': [ '5.0.0' ],
16 silly audit   csso: [ '5.0.5' ],
16 silly audit   'mdn-data': [ '2.0.28', '2.0.30' ],
16 silly audit   debug: [ '4.3.7' ],
16 silly audit   didyoumean: [ '1.2.2' ],
16 silly audit   dlv: [ '1.1.3' ],
16 silly audit   'dom-converter': [ '0.2.0' ],
16 silly audit   'dom-serializer': [ '1.4.1', '2.0.0' ],
16 silly audit   domelementtype: [ '2.3.0' ],
16 silly audit   domhandler: [ '4.3.1', '5.0.3' ],
16 silly audit   domutils: [ '2.8.0', '3.1.0' ],
16 silly audit   eastasianwidth: [ '0.2.0' ],
16 silly audit   'electron-to-chromium': [ '1.5.41' ],
16 silly audit   'emojis-list': [ '3.0.0' ],
16 silly audit   'enhanced-resolve': [ '5.17.1' ],
16 silly audit   entities: [ '2.2.0', '4.5.0' ],
16 silly audit   'env-paths': [ '2.2.1' ],
16 silly audit   envinfo: [ '7.14.0' ],
16 silly audit   'error-ex': [ '1.3.2' ],
16 silly audit   'error-stack-parser': [ '2.1.4' ],
16 silly audit   'es-module-lexer': [ '1.5.4' ],
16 silly audit   escalade: [ '3.2.0' ],
16 silly audit   'escape-string-regexp': [ '1.0.5' ],
16 silly audit   'eslint-scope': [ '5.1.1' ],
16 silly audit   esrecurse: [ '4.3.0' ],
16 silly audit   estraverse: [ '5.3.0', '4.3.0' ],
16 silly audit   esutils: [ '2.0.3' ],
16 silly audit   events: [ '3.3.0' ],
16 silly audit   'fast-deep-equal': [ '3.1.3' ],
16 silly audit   'fast-glob': [ '3.3.2' ],
16 silly audit   'fast-json-stable-stringify': [ '2.1.0' ],
16 silly audit   'fast-uri': [ '3.0.3' ],
16 silly audit   'fastest-levenshtein': [ '1.0.16' ],
16 silly audit   fastq: [ '1.17.1' ],
16 silly audit   'fill-range': [ '7.1.1' ],
16 silly audit   'find-cache-dir': [ '4.0.0' ],
16 silly audit   'find-up': [ '6.3.0', '4.1.0' ],
16 silly audit   flat: [ '5.0.2' ],
16 silly audit   'foreground-child': [ '3.3.0' ],
16 silly audit   'fraction.js': [ '4.3.7' ],
16 silly audit   fsevents: [ '2.3.3' ],
16 silly audit   'function-bind': [ '1.1.2' ],
16 silly audit   gensync: [ '1.0.0-beta.2' ],
16 silly audit   glob: [ '10.4.5' ],
16 silly audit   'glob-to-regexp': [ '0.4.1' ],
16 silly audit   globals: [ '11.12.0' ],
16 silly audit   'graceful-fs': [ '4.2.11' ],
16 silly audit   growly: [ '1.3.0' ],
16 silly audit   hasown: [ '2.0.2' ],
16 silly audit   htmlparser2: [ '6.1.0' ],
16 silly audit   'icss-utils': [ '5.1.0' ],
16 silly audit   'import-fresh': [ '3.3.0' ],
16 silly audit   'resolve-from': [ '4.0.0', '5.0.0' ],
16 silly audit   'import-local': [ '3.2.0' ],
16 silly audit   'locate-path': [ '5.0.0', '7.2.0' ],
16 silly audit   'p-limit': [ '2.3.0', '4.0.0' ],
16 silly audit   'p-locate': [ '4.1.0', '6.0.0' ],
16 silly audit   'path-exists': [ '4.0.0', '5.0.0' ],
16 silly audit   'pkg-dir': [ '4.2.0', '7.0.0' ],
16 silly audit   interpret: [ '3.1.1' ],
16 silly audit   'is-arrayish': [ '0.2.1' ],
16 silly audit   'is-binary-path': [ '2.1.0' ],
16 silly audit   'is-core-module': [ '2.15.1' ],
16 silly audit   'is-docker': [ '2.2.1' ],
16 silly audit   'is-extglob': [ '2.1.1' ],
16 silly audit   'is-fullwidth-code-point': [ '3.0.0' ],
16 silly audit   'is-glob': [ '4.0.3' ],
16 silly audit   'is-number': [ '7.0.0' ],
16 silly audit   'is-plain-object': [ '2.0.4' ],
16 silly audit   'is-wsl': [ '2.2.0' ],
16 silly audit   isexe: [ '2.0.0' ],
16 silly audit   isobject: [ '3.0.1' ],
16 silly audit   jackspeak: [ '3.4.3' ],
16 silly audit   'jest-util': [ '29.7.0' ],
16 silly audit   'jest-worker': [ '29.7.0', '27.5.1' ],
16 silly audit   jiti: [ '1.21.6' ],
16 silly audit   'js-tokens': [ '4.0.0' ],
16 silly audit   'js-yaml': [ '4.1.0' ],
16 silly audit   jsesc: [ '3.0.2' ],
16 silly audit   'json-parse-even-better-errors': [ '2.3.1' ],
16 silly audit   json5: [ '2.2.3' ],
16 silly audit   'kind-of': [ '6.0.3' ],
16 silly audit   lilconfig: [ '3.1.2', '2.1.0' ],
16 silly audit   'lines-and-columns': [ '1.2.4' ],
16 silly audit   'loader-runner': [ '4.3.0' ],
16 silly audit   'loader-utils': [ '2.0.4' ],
16 silly audit   lodash: [ '4.17.21' ],
16 silly audit   'lodash.debounce': [ '4.0.8' ],
16 silly audit   'lodash.memoize': [ '4.1.2' ],
16 silly audit   'lodash.uniq': [ '4.5.0' ],
16 silly audit   'lru-cache': [ '5.1.1', '10.4.3' ],
16 silly audit   'merge-stream': [ '2.0.0' ],
16 silly audit   merge2: [ '1.4.1' ],
16 silly audit   micromatch: [ '4.0.8' ],
16 silly audit   'mime-db': [ '1.52.0' ],
16 silly audit   'mime-types': [ '2.1.35' ],
16 silly audit   'mini-css-extract-plugin': [ '2.9.1' ],
16 silly audit   minimatch: [ '9.0.5' ],
16 silly audit   minipass: [ '7.1.2' ],
16 silly audit   ms: [ '2.1.3' ],
16 silly audit   mz: [ '2.7.0' ],
16 silly audit   nanoid: [ '3.3.7' ],
16 silly audit   'neo-async': [ '2.6.2' ],
16 silly audit   'node-notifier': [ '9.0.1' ],
16 silly audit   'node-releases': [ '2.0.18' ],
16 silly audit   'normalize-path': [ '3.0.0' ],
16 silly audit   'normalize-range': [ '0.1.2' ],
16 silly audit   'nth-check': [ '2.1.1' ],
16 silly audit   'object-assign': [ '4.1.1' ],
16 silly audit   'object-hash': [ '3.0.0' ],
16 silly audit   'p-try': [ '2.2.0' ],
16 silly audit   'package-json-from-dist': [ '1.0.1' ],
16 silly audit   'parent-module': [ '1.0.1' ],
16 silly audit   'parse-json': [ '5.2.0' ],
16 silly audit   'path-key': [ '3.1.1' ],
16 silly audit   'path-parse': [ '1.0.7' ],
16 silly audit   'path-scurry': [ '1.11.1' ],
16 silly audit   picocolors: [ '1.1.1' ],
16 silly audit   picomatch: [ '2.3.1' ],
16 silly audit   pify: [ '2.3.0' ],
16 silly audit   pirates: [ '4.0.6' ],
16 silly audit   postcss: [ '8.4.47' ],
16 silly audit   'postcss-calc': [ '10.0.2' ],
16 silly audit   'postcss-colormin': [ '7.0.2' ],
16 silly audit   'postcss-convert-values': [ '7.0.4' ],
16 silly audit   'postcss-discard-comments': [ '7.0.3' ],
16 silly audit   'postcss-discard-duplicates': [ '7.0.1' ],
16 silly audit   'postcss-discard-empty': [ '7.0.0' ],
16 silly audit   'postcss-discard-overridden': [ '7.0.0' ],
16 silly audit   'postcss-import': [ '15.1.0' ],
16 silly audit   'postcss-js': [ '4.0.1' ],
16 silly audit   'postcss-load-config': [ '4.0.2' ],
16 silly audit   'postcss-loader': [ '8.1.1' ],
16 silly audit   'postcss-merge-longhand': [ '7.0.4' ],
16 silly audit   'postcss-merge-rules': [ '7.0.4' ],
16 silly audit   'postcss-minify-font-values': [ '7.0.0' ],
16 silly audit   'postcss-minify-gradients': [ '7.0.0' ],
16 silly audit   'postcss-minify-params': [ '7.0.2' ],
16 silly audit   'postcss-minify-selectors': [ '7.0.4' ],
16 silly audit   'postcss-modules-extract-imports': [ '3.1.0' ],
16 silly audit   'postcss-modules-local-by-default': [ '4.0.5' ],
16 silly audit   'postcss-modules-scope': [ '3.2.0' ],
16 silly audit   'postcss-modules-values': [ '4.0.0' ],
16 silly audit   'postcss-nested': [ '6.2.0' ],
16 silly audit   'postcss-normalize-charset': [ '7.0.0' ],
16 silly audit   'postcss-normalize-display-values': [ '7.0.0' ],
16 silly audit   'postcss-normalize-positions': [ '7.0.0' ],
16 silly audit   'postcss-normalize-repeat-style': [ '7.0.0' ],
16 silly audit   'postcss-normalize-string': [ '7.0.0' ],
16 silly audit   'postcss-normalize-timing-functions': [ '7.0.0' ],
16 silly audit   'postcss-normalize-unicode': [ '7.0.2' ],
16 silly audit   'postcss-normalize-url': [ '7.0.0' ],
16 silly audit   'postcss-normalize-whitespace': [ '7.0.0' ],
16 silly audit   'postcss-ordered-values': [ '7.0.1' ],
16 silly audit   'postcss-reduce-initial': [ '7.0.2' ],
16 silly audit   'postcss-reduce-transforms': [ '7.0.0' ],
16 silly audit   'postcss-selector-parser': [ '6.1.2' ],
16 silly audit   'postcss-svgo': [ '7.0.1' ],
16 silly audit   'postcss-unique-selectors': [ '7.0.3' ],
16 silly audit   'postcss-value-parser': [ '4.2.0' ],
16 silly audit   'pretty-error': [ '4.0.0' ],
16 silly audit   punycode: [ '2.3.1' ],
16 silly audit   'queue-microtask': [ '1.2.3' ],
16 silly audit   randombytes: [ '2.1.0' ],
16 silly audit   'read-cache': [ '1.0.0' ],
16 silly audit   readdirp: [ '3.6.0' ],
16 silly audit   rechoir: [ '0.8.0' ],
16 silly audit   regenerate: [ '1.4.2' ],
16 silly audit   'regenerate-unicode-properties': [ '10.2.0' ],
16 silly audit   'regenerator-transform': [ '0.15.2' ],
16 silly audit   'regex-parser': [ '2.3.0' ],
16 silly audit   'regexpu-core': [ '6.1.1' ],
16 silly audit   regjsgen: [ '0.8.0' ],
16 silly audit   regjsparser: [ '0.11.1' ],
16 silly audit   renderkid: [ '3.0.0' ],
16 silly audit   'require-from-string': [ '2.0.2' ],
16 silly audit   resolve: [ '1.22.8' ],
16 silly audit   'resolve-cwd': [ '3.0.0' ],
16 silly audit   'resolve-url-loader': [ '5.0.0' ],
16 silly audit   reusify: [ '1.0.4' ],
16 silly audit   'run-parallel': [ '1.2.0' ],
16 silly audit   'safe-buffer': [ '5.2.1' ],
16 silly audit   'serialize-javascript': [ '6.0.2' ],
16 silly audit   'shallow-clone': [ '3.0.1' ],
16 silly audit   'shebang-command': [ '2.0.0' ],
16 silly audit   'shebang-regex': [ '3.0.0' ],
16 silly audit   shellwords: [ '0.1.1' ],
16 silly audit   'signal-exit': [ '4.1.0' ],
16 silly audit   'source-map': [ '0.6.1' ],
16 silly audit   'source-map-js': [ '1.2.1' ],
16 silly audit   'source-map-support': [ '0.5.21' ],
16 silly audit   stackframe: [ '1.3.4' ],
16 silly audit   'style-loader': [ '3.3.4' ],
16 silly audit   stylehacks: [ '7.0.4' ],
16 silly audit   sucrase: [ '3.35.0' ],
16 silly audit   'supports-preserve-symlinks-flag': [ '1.0.0' ],
16 silly audit   svgo: [ '3.3.2' ],
16 silly audit   tailwindcss: [ '3.4.14' ],
16 silly audit   tapable: [ '2.2.1' ],
16 silly audit   terser: [ '5.36.0' ],
16 silly audit   'terser-webpack-plugin': [ '5.3.10' ],
16 silly audit   thenify: [ '3.3.1' ],
16 silly audit   'thenify-all': [ '1.6.0' ],
16 silly audit   tmp: [ '0.2.3' ],
16 silly audit   'to-fast-properties': [ '2.0.0' ],
16 silly audit   'to-regex-range': [ '5.0.1' ],
16 silly audit   'ts-interface-checker': [ '0.1.13' ],
16 silly audit   'undici-types': [ '6.19.8' ],
16 silly audit   'unicode-canonical-property-names-ecmascript': [ '2.0.1' ],
16 silly audit   'unicode-match-property-ecmascript': [ '2.0.0' ],
16 silly audit   'unicode-match-property-value-ecmascript': [ '2.2.0' ],
16 silly audit   'unicode-property-aliases-ecmascript': [ '2.1.0' ],
16 silly audit   'update-browserslist-db': [ '1.1.1' ],
16 silly audit   'uri-js': [ '4.4.1' ],
16 silly audit   'util-deprecate': [ '1.0.2' ],
16 silly audit   utila: [ '0.4.0' ],
16 silly audit   uuid: [ '8.3.2' ],
16 silly audit   watchpack: [ '2.4.2' ],
16 silly audit   webpack: [ '5.95.0' ],
16 silly audit   'webpack-cli': [ '5.1.4' ],
16 silly audit   'webpack-merge': [ '5.10.0' ],
16 silly audit   'webpack-notifier': [ '1.15.0' ],
16 silly audit   'webpack-sources': [ '3.2.3' ],
16 silly audit   which: [ '2.0.2' ],
16 silly audit   wildcard: [ '2.0.1' ],
16 silly audit   'wrap-ansi': [ '8.1.0', '7.0.0' ],
16 silly audit   yallist: [ '3.1.1' ],
16 silly audit   yaml: [ '2.6.0' ],
16 silly audit   'yargs-parser': [ '21.1.1' ],
16 silly audit   'yocto-queue': [ '1.1.1' ]
16 silly audit }
17 verbose reify failed optional dependency /mnt/c/Users/bmd-tech/Downloads/boutiquedette/node_modules/fsevents
18 silly reify mark deleted [
18 silly reify   '/mnt/c/Users/bmd-tech/Downloads/boutiquedette/node_modules/fsevents'
18 silly reify ]
19 http fetch POST 200 https://registry.npmjs.org/-/npm/v1/security/advisories/bulk 693ms
20 silly audit report {}
21 silly ADD
22 verbose cwd /mnt/c/Users/bmd-tech/Downloads/boutiquedette
23 verbose os Linux 5.15.153.1-microsoft-standard-WSL2
24 verbose node v22.9.0
25 verbose npm  v10.9.0
26 verbose exit 0
27 info ok
