2024-10-26 22:26:18.621 [info] [main] Niveau du journal : Info
2024-10-26 22:26:18.621 [info] [main] Validation du git trouvé dans : «git»
2024-10-26 22:26:18.621 [info] [main] Utilisation de git "2.43.0" de "git»
2024-10-26 22:26:18.621 [info] [Model][doInitialScan] Initial repository scan started
2024-10-26 22:26:18.621 [info] > git rev-parse --show-toplevel [25ms]
2024-10-26 22:26:18.621 [info] > git rev-parse --git-dir --git-common-dir [8ms]
2024-10-26 22:26:18.621 [info] [Model][openRepository] Opened repository: /home/yafily/Gestion-Dette-Boutiquier-Symfony-cour_3
2024-10-26 22:26:18.621 [info] > git config --get commit.template [29ms]
2024-10-26 22:26:18.621 [info] > git rev-parse --show-toplevel [21ms]
2024-10-26 22:26:18.621 [info] > git for-each-ref --format=%(refname)%00%(upstream:short)%00%(objectname)%00%(upstream:track)%00%(upstream:remotename)%00%(upstream:remoteref) refs/heads/main refs/remotes/main [33ms]
2024-10-26 22:26:18.621 [info] > git rev-parse --show-toplevel [16ms]
2024-10-26 22:26:18.621 [info] > git for-each-ref --sort -committerdate --format %(refname) %(objectname) %(*objectname) [16ms]
2024-10-26 22:26:18.621 [info] > git rev-parse --git-dir --git-common-dir [67ms]
2024-10-26 22:26:18.621 [info] [Model][openRepository] Opened repository: /home/yafily/Gestion-Dette-Boutiquier-Symfony-cour_3/Gestion-Dette-Boutiquier-Symfony-cour_3
2024-10-26 22:26:18.621 [info] > git status -z -uall [137ms]
2024-10-26 22:26:18.621 [info] > git for-each-ref --format=%(refname)%00%(upstream:short)%00%(objectname)%00%(upstream:track)%00%(upstream:remotename)%00%(upstream:remoteref) refs/heads/main refs/remotes/main [65ms]
2024-10-26 22:26:18.621 [info] > git rev-parse --show-toplevel [147ms]
2024-10-26 22:26:18.621 [info] > git config --get commit.template [158ms]
2024-10-26 22:26:18.621 [info] > git config --local branch.main.vscode-merge-base [169ms]
2024-10-26 22:26:18.621 [warning] [Git][config] git config failed: Failed to execute git
2024-10-26 22:26:18.621 [info] > git config --get commit.template [222ms]
2024-10-26 22:26:18.621 [info] > git rev-parse --show-toplevel [108ms]
2024-10-26 22:26:18.621 [info] > git for-each-ref --format=%(refname)%00%(upstream:short)%00%(objectname)%00%(upstream:track)%00%(upstream:remotename)%00%(upstream:remoteref) refs/heads/main refs/remotes/main [116ms]
2024-10-26 22:26:18.621 [info] > git reflog main --grep-reflog=branch: Created from *. [144ms]
2024-10-26 22:26:18.621 [info] > git for-each-ref --format=%(refname)%00%(upstream:short)%00%(objectname)%00%(upstream:track)%00%(upstream:remotename)%00%(upstream:remoteref) refs/heads/main refs/remotes/main [144ms]
2024-10-26 22:26:18.621 [info] > git rev-parse --show-toplevel [68ms]
2024-10-26 22:26:18.621 [info] > git symbolic-ref --short refs/remotes/origin/HEAD [88ms]
2024-10-26 22:26:18.621 [info] fatal: ref refs/remotes/origin/HEAD is not a symbolic ref
2024-10-26 22:26:18.621 [warning] [Repository][getDefaultBranch] Failed to get default branch details: Failed to execute git.
2024-10-26 22:26:18.621 [info] > git merge-base refs/heads/main refs/remotes/origin/main [75ms]
2024-10-26 22:26:18.621 [info] > git diff --name-status -z --diff-filter=ADMR d7da7d2ff037147afde39fbf5b4fb0c8b765402c...refs/remotes/origin/main [103ms]
2024-10-26 22:26:18.621 [info] > git rev-parse --show-toplevel [167ms]
2024-10-26 22:26:18.750 [info] > git status -z -uall [195ms]
2024-10-26 22:26:18.750 [info] > git status -z -uall [123ms]
2024-10-26 22:26:18.751 [info] > git for-each-ref --sort -committerdate --format %(refname) %(objectname) %(*objectname) [160ms]
2024-10-26 22:26:19.290 [info] > git check-ignore -v -z --stdin [446ms]
2024-10-26 22:26:19.294 [info] > git check-ignore -v -z --stdin [424ms]
2024-10-26 22:26:19.297 [info] > git for-each-ref --format=%(refname)%00%(upstream:short)%00%(objectname)%00%(upstream:track)%00%(upstream:remotename)%00%(upstream:remoteref) refs/heads/main refs/remotes/main [475ms]
2024-10-26 22:26:19.325 [info] > git rev-parse --show-toplevel [628ms]
2024-10-26 22:26:19.326 [info] > git for-each-ref --sort -committerdate --format %(refname) %(objectname) %(*objectname) [666ms]
2024-10-26 22:26:19.396 [info] > git config --local branch.main.vscode-merge-base [70ms]
2024-10-26 22:26:19.396 [warning] [Git][config] git config failed: Failed to execute git
2024-10-26 22:26:19.440 [info] > git config --get commit.template [532ms]
2024-10-26 22:26:19.474 [info] > git reflog main --grep-reflog=branch: Created from *. [51ms]
2024-10-26 22:26:19.499 [info] > git rev-parse --show-toplevel [111ms]
2024-10-26 22:26:19.718 [info] > git for-each-ref --format=%(refname)%00%(upstream:short)%00%(objectname)%00%(upstream:track)%00%(upstream:remotename)%00%(upstream:remoteref) refs/heads/main refs/remotes/main [195ms]
2024-10-26 22:26:19.720 [info] > git symbolic-ref --short refs/remotes/origin/HEAD [235ms]
2024-10-26 22:26:19.720 [info] fatal: ref refs/remotes/origin/HEAD is not a symbolic ref
2024-10-26 22:26:19.720 [warning] [Repository][getDefaultBranch] Failed to get default branch details: Failed to execute git.
2024-10-26 22:26:19.772 [info] > git rev-parse --show-toplevel [57ms]
2024-10-26 22:26:19.791 [info] > git merge-base refs/heads/main refs/remotes/origin/main [52ms]
2024-10-26 22:26:19.806 [info] > git rev-parse --show-toplevel [17ms]
2024-10-26 22:26:19.877 [info] > git status -z -uall [61ms]
2024-10-26 22:26:19.889 [info] > git diff --name-status -z --diff-filter=ADMR d7da7d2ff037147afde39fbf5b4fb0c8b765402c...refs/remotes/origin/main [90ms]
2024-10-26 22:26:19.897 [info] > git for-each-ref --sort -committerdate --format %(refname) %(objectname) %(*objectname) [30ms]
2024-10-26 22:26:19.930 [info] > git rev-parse --show-toplevel [55ms]
2024-10-26 22:26:19.998 [info] > git rev-parse --show-toplevel [34ms]
2024-10-26 22:26:20.146 [info] > git rev-parse --show-toplevel [51ms]
2024-10-26 22:26:20.183 [info] [Model][doInitialScan] Initial repository scan completed - repositories (2), closed repositories (0), parent repositories (0), unsafe repositories (0)
2024-10-26 22:34:35.493 [warning] [Git][getHEAD] Failed to parse HEAD file: ENOENT: no such file or directory, open '/home/yafily/Gestion-Dette-Boutiquier-Symfony-cour_3/.git/HEAD'
2024-10-26 22:34:35.519 [warning] [Git][getRemotes] Error: ENOENT: no such file or directory, open '/home/yafily/Gestion-Dette-Boutiquier-Symfony-cour_3/.git/config'
2024-10-26 22:34:35.554 [warning] [Git][getHEAD] Failed to parse HEAD file: ENOENT: no such file or directory, open '/home/yafily/Gestion-Dette-Boutiquier-Symfony-cour_3/.git/HEAD'
2024-10-26 22:34:35.573 [warning] [Git][getRemotes] Error: ENOENT: no such file or directory, open '/home/yafily/Gestion-Dette-Boutiquier-Symfony-cour_3/.git/config'
2024-10-26 22:35:03.782 [info] > git config --get commit.template [28ms]
2024-10-26 22:35:03.783 [info] > git for-each-ref --format=%(refname)%00%(upstream:short)%00%(objectname)%00%(upstream:track)%00%(upstream:remotename)%00%(upstream:remoteref) refs/heads/main refs/remotes/main [5ms]
2024-10-26 22:35:03.819 [info] > git for-each-ref --sort -committerdate --format %(refname) %(objectname) %(*objectname) [12ms]
2024-10-26 22:35:03.829 [info] > git status -z -uall [29ms]
2024-10-26 22:35:08.190 [info] > git check-ignore -v -z --stdin [11ms]
2024-10-26 22:35:24.929 [info] > git rev-parse --show-toplevel [4ms]
2024-10-26 22:35:24.942 [info] > git rev-parse --git-dir --git-common-dir [3ms]
2024-10-26 22:35:24.969 [info] [Model][openRepository] Opened repository: /home/yafily/Gestion-Dette-Boutiquier-Symfony-cour_3
2024-10-26 22:35:24.991 [info] > git config --get commit.template [3ms]
2024-10-26 22:35:25.007 [info] > git for-each-ref --format=%(refname)%00%(upstream:short)%00%(objectname)%00%(upstream:track)%00%(upstream:remotename)%00%(upstream:remoteref) refs/heads/main refs/remotes/main [6ms]
2024-10-26 22:35:25.047 [info] > git for-each-ref --sort -committerdate --format %(refname) %(objectname) %(*objectname) [12ms]
2024-10-26 22:35:25.058 [info] > git status -z -uall [38ms]
2024-10-26 22:35:23.574 [info] > git for-each-ref --format=%(refname)%00%(upstream:short)%00%(objectname)%00%(upstream:track)%00%(upstream:remotename)%00%(upstream:remoteref) refs/heads/main refs/remotes/main [150ms]
2024-10-26 22:35:23.688 [info] > git config --local branch.main.vscode-merge-base [60ms]
2024-10-26 22:35:23.688 [warning] [Git][config] git config failed: Failed to execute git
2024-10-26 22:35:23.716 [info] > git config --get commit.template [147ms]
2024-10-26 22:35:23.728 [info] > git reflog main --grep-reflog=branch: Created from *. [13ms]
2024-10-26 22:35:23.807 [info] > git symbolic-ref --short refs/remotes/origin/HEAD [35ms]
2024-10-26 22:35:23.807 [info] fatal: ref refs/remotes/origin/HEAD is not a symbolic ref
2024-10-26 22:35:23.808 [warning] [Repository][getDefaultBranch] Failed to get default branch details: Failed to execute git.
2024-10-26 22:35:23.838 [info] > git merge-base refs/heads/main refs/remotes/origin/main [3ms]
2024-10-26 22:35:23.879 [info] > git for-each-ref --format=%(refname)%00%(upstream:short)%00%(objectname)%00%(upstream:track)%00%(upstream:remotename)%00%(upstream:remoteref) refs/heads/main refs/remotes/main [73ms]
2024-10-26 22:35:23.948 [info] > git diff --name-status -z --diff-filter=ADMR d7da7d2ff037147afde39fbf5b4fb0c8b765402c...refs/remotes/origin/main [69ms]
2024-10-26 22:35:23.958 [info] > git for-each-ref --sort -committerdate --format %(refname) %(objectname) %(*objectname) [11ms]
2024-10-26 22:35:23.971 [info] > git status -z -uall [40ms]
2024-10-26 22:35:25.304 [info] > git check-ignore -v -z --stdin [30ms]
2024-10-26 22:35:25.306 [info] > git check-ignore -v -z --stdin [5ms]
2024-10-26 22:35:26.501 [info] > git ls-files --stage -- /home/yafily/Gestion-Dette-Boutiquier-Symfony-cour_3/assets/controllers/hello_controller.js [8ms]
2024-10-26 22:35:26.525 [info] > git show --textconv :assets/controllers/hello_controller.js [46ms]
2024-10-26 22:35:26.534 [info] > git cat-file -s e847027bdbedd033df76a4dc1a1f5eba3da3eb7b [17ms]
2024-10-26 22:35:26.860 [info] > git check-ignore -v -z --stdin [4ms]
2024-10-26 22:35:33.475 [info] > git check-ignore -v -z --stdin [10ms]
2024-10-26 22:35:36.051 [info] > git check-ignore -v -z --stdin [8ms]
2024-10-26 22:35:43.816 [info] > git check-ignore -v -z --stdin [4ms]
2024-10-26 22:35:46.885 [info] > git check-ignore -v -z --stdin [13ms]
2024-10-26 22:35:48.988 [info] > git check-ignore -v -z --stdin [8ms]
2024-10-26 22:35:51.789 [info] > git check-ignore -v -z --stdin [24ms]
2024-10-26 22:35:54.715 [info] > git check-ignore -v -z --stdin [17ms]
2024-10-26 22:38:39.577 [info] > git check-ignore -v -z --stdin [17ms]
2024-10-26 22:45:38.327 [info] > git ls-files --stage -- /home/yafily/Gestion-Dette-Boutiquier-Symfony-cour_3/.env [4ms]
2024-10-26 22:45:38.429 [info] > git show --textconv :.env [115ms]
2024-10-26 22:45:38.432 [info] > git cat-file -s a351fbc9bf9f40c27464f245abe91294518bd6d3 [4ms]
2024-10-26 22:46:35.863 [info] > git config --get commit.template [58ms]
2024-10-26 22:46:35.870 [info] > git for-each-ref --format=%(refname)%00%(upstream:short)%00%(objectname)%00%(upstream:track)%00%(upstream:remotename)%00%(upstream:remoteref) refs/heads/main refs/remotes/main [28ms]
2024-10-26 22:46:35.943 [info] > git for-each-ref --sort -committerdate --format %(refname) %(objectname) %(*objectname) [30ms]
2024-10-26 22:46:35.991 [info] > git status -z -uall [102ms]
2024-10-26 22:46:48.149 [info] > git config --get commit.template [15ms]
2024-10-26 22:46:48.150 [info] > git for-each-ref --format=%(refname)%00%(upstream:short)%00%(objectname)%00%(upstream:track)%00%(upstream:remotename)%00%(upstream:remoteref) refs/heads/main refs/remotes/main [7ms]
2024-10-26 22:46:48.183 [info] > git for-each-ref --sort -committerdate --format %(refname) %(objectname) %(*objectname) [12ms]
2024-10-26 22:46:48.190 [info] > git status -z -uall [29ms]
2024-10-26 22:46:53.224 [info] > git config --get commit.template [12ms]
2024-10-26 22:46:53.229 [info] > git for-each-ref --format=%(refname)%00%(upstream:short)%00%(objectname)%00%(upstream:track)%00%(upstream:remotename)%00%(upstream:remoteref) refs/heads/main refs/remotes/main [6ms]
2024-10-26 22:46:53.262 [info] > git for-each-ref --sort -committerdate --format %(refname) %(objectname) %(*objectname) [12ms]
2024-10-26 22:46:53.271 [info] > git status -z -uall [32ms]
2024-10-26 22:46:57.549 [info] > git show --textconv :composer.lock [36ms]
2024-10-26 22:46:57.561 [info] > git ls-files --stage -- /home/yafily/Gestion-Dette-Boutiquier-Symfony-cour_3/composer.lock [17ms]
2024-10-26 22:46:57.613 [info] > git cat-file -s 4b0633088175f575be630643f3e789bb71be7417 [32ms]
2024-10-26 22:46:58.348 [info] > git config --get commit.template [6ms]
2024-10-26 22:46:58.408 [info] > git for-each-ref --format=%(refname)%00%(upstream:short)%00%(objectname)%00%(upstream:track)%00%(upstream:remotename)%00%(upstream:remoteref) refs/heads/main refs/remotes/main [8ms]
2024-10-26 22:46:58.537 [info] > git status -z -uall [102ms]
2024-10-26 22:46:58.537 [info] > git show --textconv :composer.json [35ms]
2024-10-26 22:46:58.546 [info] > git for-each-ref --sort -committerdate --format %(refname) %(objectname) %(*objectname) [91ms]
2024-10-26 22:46:58.568 [info] > git ls-files --stage -- /home/yafily/Gestion-Dette-Boutiquier-Symfony-cour_3/composer.json [40ms]
2024-10-26 22:46:58.588 [info] > git cat-file -s 8b885cf7e5509d27e004ced243319bc4cf92eff1 [8ms]
2024-10-26 22:48:07.601 [info] > git config --get commit.template [28ms]
2024-10-26 22:48:07.603 [info] > git for-each-ref --format=%(refname)%00%(upstream:short)%00%(objectname)%00%(upstream:track)%00%(upstream:remotename)%00%(upstream:remoteref) refs/heads/main refs/remotes/main [5ms]
2024-10-26 22:48:07.660 [info] > git for-each-ref --sort -committerdate --format %(refname) %(objectname) %(*objectname) [16ms]
2024-10-26 22:48:07.667 [info] > git status -z -uall [42ms]
2024-10-26 23:11:08.356 [info] > git config --get commit.template [15ms]
2024-10-26 23:11:08.360 [info] > git for-each-ref --format=%(refname)%00%(upstream:short)%00%(objectname)%00%(upstream:track)%00%(upstream:remotename)%00%(upstream:remoteref) refs/heads/main refs/remotes/main [7ms]
2024-10-26 23:11:08.398 [info] > git for-each-ref --sort -committerdate --format %(refname) %(objectname) %(*objectname) [9ms]
2024-10-26 23:11:08.401 [info] > git status -z -uall [25ms]
2024-10-26 23:11:12.646 [info] > git check-ignore -v -z --stdin [4ms]
2024-10-26 23:11:13.446 [info] > git config --get commit.template [16ms]
2024-10-26 23:11:13.449 [info] > git for-each-ref --format=%(refname)%00%(upstream:short)%00%(objectname)%00%(upstream:track)%00%(upstream:remotename)%00%(upstream:remoteref) refs/heads/main refs/remotes/main [6ms]
2024-10-26 23:11:13.472 [info] > git for-each-ref --sort -committerdate --format %(refname) %(objectname) %(*objectname) [5ms]
2024-10-26 23:11:13.483 [info] > git status -z -uall [25ms]
2024-10-26 23:11:14.310 [info] > git show --textconv :migrations/Version20241016182855.php [73ms]
2024-10-26 23:11:14.310 [info] > git ls-files --stage -- /home/yafily/Gestion-Dette-Boutiquier-Symfony-cour_3/migrations/Version20241016182855.php [67ms]
2024-10-26 23:11:14.323 [info] > git cat-file -s 190cf24be5900c51cab2bf7f5e948e0a346d0cae [6ms]
2024-10-26 23:11:25.137 [info] > git show --textconv :migrations/Version20241018120758.php [10ms]
2024-10-26 23:11:25.142 [info] > git ls-files --stage -- /home/yafily/Gestion-Dette-Boutiquier-Symfony-cour_3/migrations/Version20241018120758.php [9ms]
2024-10-26 23:11:35.219 [info] > git show --textconv :migrations/Version20241016182855.php [12ms]
2024-10-26 23:11:35.225 [info] > git ls-files --stage -- /home/yafily/Gestion-Dette-Boutiquier-Symfony-cour_3/migrations/Version20241016182855.php [12ms]
2024-10-26 23:11:35.235 [info] > git cat-file -s 190cf24be5900c51cab2bf7f5e948e0a346d0cae [3ms]
2024-10-26 23:12:00.761 [info] > git check-ignore -v -z --stdin [4ms]
2024-10-26 23:12:05.545 [info] > git check-ignore -v -z --stdin [2ms]
2024-10-26 23:18:25.395 [info] > git check-ignore -v -z --stdin [27ms]
2024-10-26 23:18:27.565 [info] > git check-ignore -v -z --stdin [5ms]
2024-10-26 23:18:30.270 [info] > git show --textconv :src/Entity/User.php [14ms]
2024-10-26 23:18:30.273 [info] > git ls-files --stage -- /home/yafily/Gestion-Dette-Boutiquier-Symfony-cour_3/src/Entity/User.php [4ms]
2024-10-26 23:18:30.284 [info] > git cat-file -s 6d54ea70c7b592d341ea80eeea13bc2a4e4a394d [4ms]
2024-10-26 23:22:39.879 [info] > git config --get commit.template [10ms]
2024-10-26 23:22:39.894 [info] > git for-each-ref --format=%(refname)%00%(upstream:short)%00%(objectname)%00%(upstream:track)%00%(upstream:remotename)%00%(upstream:remoteref) refs/heads/main refs/remotes/main [18ms]
2024-10-26 23:22:39.924 [info] > git for-each-ref --sort -committerdate --format %(refname) %(objectname) %(*objectname) [14ms]
2024-10-26 23:22:40.026 [info] > git status -z -uall [123ms]
2024-10-26 23:22:41.578 [info] > git show --textconv :migrations/Version20241016182855.php [10ms]
2024-10-26 23:22:41.581 [info] > git ls-files --stage -- /home/yafily/Gestion-Dette-Boutiquier-Symfony-cour_3/migrations/Version20241016182855.php [6ms]
2024-10-26 23:22:41.589 [info] > git cat-file -s 190cf24be5900c51cab2bf7f5e948e0a346d0cae [4ms]
2024-10-26 23:26:12.189 [info] > git config --get commit.template [11ms]
2024-10-26 23:26:12.194 [info] > git for-each-ref --format=%(refname)%00%(upstream:short)%00%(objectname)%00%(upstream:track)%00%(upstream:remotename)%00%(upstream:remoteref) refs/heads/main refs/remotes/main [9ms]
2024-10-26 23:26:12.223 [info] > git for-each-ref --sort -committerdate --format %(refname) %(objectname) %(*objectname) [6ms]
2024-10-26 23:26:12.227 [info] > git status -z -uall [23ms]
2024-10-26 23:26:15.463 [info] > git config --get commit.template [8ms]
2024-10-26 23:26:15.465 [info] > git for-each-ref --format=%(refname)%00%(upstream:short)%00%(objectname)%00%(upstream:track)%00%(upstream:remotename)%00%(upstream:remoteref) refs/heads/main refs/remotes/main [3ms]
2024-10-26 23:26:15.479 [info] > git for-each-ref --sort -committerdate --format %(refname) %(objectname) %(*objectname) [3ms]
2024-10-26 23:26:15.487 [info] > git status -z -uall [17ms]
2024-10-26 23:26:29.730 [info] > git check-ignore -v -z --stdin [3ms]
2024-10-26 23:26:32.389 [info] > git show --textconv :templates/base.html.twig [14ms]
2024-10-26 23:26:32.393 [info] > git ls-files --stage -- /home/yafily/Gestion-Dette-Boutiquier-Symfony-cour_3/templates/base.html.twig [11ms]
2024-10-26 23:26:32.401 [info] > git cat-file -s f71127804348458c22327d688986b6d812254c6e [3ms]
2024-10-26 23:27:06.196 [info] > git check-ignore -v -z --stdin [4ms]
2024-10-26 23:27:07.258 [info] > git show --textconv :templates/user/index.html.twig [6ms]
2024-10-26 23:27:07.260 [info] > git ls-files --stage -- /home/yafily/Gestion-Dette-Boutiquier-Symfony-cour_3/templates/user/index.html.twig [3ms]
2024-10-26 23:27:07.268 [info] > git cat-file -s 0c8ee93f8c09f8af1a35ead1840095191566b95a [2ms]
2024-10-26 23:27:12.873 [info] > git check-ignore -v -z --stdin [3ms]
2024-10-26 23:27:14.785 [info] > git ls-files --stage -- /home/yafily/Gestion-Dette-Boutiquier-Symfony-cour_3/templates/dette/index.html.twig [3ms]
2024-10-26 23:27:14.792 [info] > git show --textconv :templates/dette/index.html.twig [15ms]
2024-10-26 23:27:14.794 [info] > git cat-file -s ec53bb858e7010d61c62fb86aeb8da262f3f6d73 [3ms]
2024-10-26 23:27:17.548 [info] > git check-ignore -v -z --stdin [3ms]
2024-10-26 23:27:18.549 [info] > git ls-files --stage -- /home/yafily/Gestion-Dette-Boutiquier-Symfony-cour_3/templates/client_search_dto/index.html.twig [5ms]
2024-10-26 23:27:18.557 [info] > git show --textconv :templates/client_search_dto/index.html.twig [19ms]
2024-10-26 23:27:18.559 [info] > git cat-file -s 78fec9326c717dcbf3fe666338f1a3a954111469 [3ms]
2024-10-26 23:27:26.711 [info] > git check-ignore -v -z --stdin [6ms]
2024-10-26 23:27:27.528 [info] > git show --textconv :templates/client/index.html.twig [9ms]
2024-10-26 23:27:27.532 [info] > git ls-files --stage -- /home/yafily/Gestion-Dette-Boutiquier-Symfony-cour_3/templates/client/index.html.twig [5ms]
2024-10-26 23:27:27.541 [info] > git cat-file -s c6d1d6b11ddf2df38d5012ec08b4dadbff766386 [4ms]
2024-10-26 23:28:20.191 [info] > git config --get commit.template [15ms]
2024-10-26 23:28:20.199 [info] > git for-each-ref --format=%(refname)%00%(upstream:short)%00%(objectname)%00%(upstream:track)%00%(upstream:remotename)%00%(upstream:remoteref) refs/heads/main refs/remotes/main [9ms]
2024-10-26 23:28:20.223 [info] > git for-each-ref --sort -committerdate --format %(refname) %(objectname) %(*objectname) [8ms]
2024-10-26 23:28:20.232 [info] > git status -z -uall [25ms]
2024-10-26 23:28:25.267 [info] > git config --get commit.template [19ms]
2024-10-26 23:28:25.268 [info] > git for-each-ref --format=%(refname)%00%(upstream:short)%00%(objectname)%00%(upstream:track)%00%(upstream:remotename)%00%(upstream:remoteref) refs/heads/main refs/remotes/main [3ms]
2024-10-26 23:28:25.289 [info] > git status -z -uall [15ms]
2024-10-26 23:28:25.289 [info] > git for-each-ref --sort -committerdate --format %(refname) %(objectname) %(*objectname) [6ms]
2024-10-26 23:28:30.313 [info] > git config --get commit.template [12ms]
2024-10-26 23:28:30.315 [info] > git for-each-ref --format=%(refname)%00%(upstream:short)%00%(objectname)%00%(upstream:track)%00%(upstream:remotename)%00%(upstream:remoteref) refs/heads/main refs/remotes/main [6ms]
2024-10-26 23:28:30.350 [info] > git status -z -uall [16ms]
2024-10-26 23:28:30.353 [info] > git for-each-ref --sort -committerdate --format %(refname) %(objectname) %(*objectname) [7ms]
2024-10-26 23:31:05.360 [info] > git config --get commit.template [9ms]
2024-10-26 23:31:05.361 [info] > git for-each-ref --format=%(refname)%00%(upstream:short)%00%(objectname)%00%(upstream:track)%00%(upstream:remotename)%00%(upstream:remoteref) refs/heads/main refs/remotes/main [3ms]
2024-10-26 23:31:05.392 [info] > git for-each-ref --sort -committerdate --format %(refname) %(objectname) %(*objectname) [1ms]
2024-10-26 23:31:05.416 [info] > git status -z -uall [40ms]
2024-10-26 23:33:40.388 [info] > git config --get commit.template [26ms]
2024-10-26 23:33:40.406 [info] > git for-each-ref --format=%(refname)%00%(upstream:short)%00%(objectname)%00%(upstream:track)%00%(upstream:remotename)%00%(upstream:remoteref) refs/heads/main refs/remotes/main [21ms]
2024-10-26 23:33:40.432 [info] > git for-each-ref --sort -committerdate --format %(refname) %(objectname) %(*objectname) [3ms]
2024-10-26 23:33:40.486 [info] > git status -z -uall [63ms]
2024-10-26 23:33:46.084 [info] > git show --textconv :templates/base.html.twig [13ms]
2024-10-26 23:33:46.085 [info] > git ls-files --stage -- /home/yafily/Gestion-Dette-Boutiquier-Symfony-cour_3/templates/base.html.twig [7ms]
2024-10-26 23:33:46.098 [info] > git cat-file -s f71127804348458c22327d688986b6d812254c6e [8ms]
2024-10-26 23:33:49.805 [info] > git show --textconv :src/Entity/Client.php [12ms]
2024-10-26 23:33:49.813 [info] > git ls-files --stage -- /home/yafily/Gestion-Dette-Boutiquier-Symfony-cour_3/src/Entity/Client.php [11ms]
2024-10-26 23:33:49.829 [info] > git cat-file -s a314560672441dfd2e2654bb7d1f0288da6c5dfb [7ms]
2024-10-26 23:33:55.548 [info] > git ls-files --stage -- /home/yafily/Gestion-Dette-Boutiquier-Symfony-cour_3/package-lock.json [17ms]
2024-10-26 23:33:55.610 [info] > git show --textconv :package-lock.json [86ms]
2024-10-26 23:33:55.699 [info] > git cat-file -s d7c26f3ef6fd5c964b90b194aa677a838e46d0d6 [137ms]
2024-10-26 23:40:35.336 [info] > git config --get commit.template [10ms]
2024-10-26 23:40:35.337 [info] > git for-each-ref --format=%(refname)%00%(upstream:short)%00%(objectname)%00%(upstream:track)%00%(upstream:remotename)%00%(upstream:remoteref) refs/heads/main refs/remotes/main [6ms]
2024-10-26 23:40:35.365 [info] > git for-each-ref --sort -committerdate --format %(refname) %(objectname) %(*objectname) [7ms]
2024-10-26 23:40:35.375 [info] > git status -z -uall [25ms]
2024-10-26 23:40:39.995 [info] > git show --textconv :templates/client/index.html.twig [12ms]
2024-10-26 23:40:40.001 [info] > git ls-files --stage -- /home/yafily/Gestion-Dette-Boutiquier-Symfony-cour_3/templates/client/index.html.twig [12ms]
2024-10-26 23:40:40.017 [info] > git cat-file -s c6d1d6b11ddf2df38d5012ec08b4dadbff766386 [10ms]
2024-10-26 23:40:40.418 [info] > git config --get commit.template [9ms]
2024-10-26 23:40:40.420 [info] > git for-each-ref --format=%(refname)%00%(upstream:short)%00%(objectname)%00%(upstream:track)%00%(upstream:remotename)%00%(upstream:remoteref) refs/heads/main refs/remotes/main [4ms]
2024-10-26 23:40:40.437 [info] > git for-each-ref --sort -committerdate --format %(refname) %(objectname) %(*objectname) [4ms]
2024-10-26 23:40:40.443 [info] > git status -z -uall [14ms]
2024-10-26 23:41:22.265 [info] > git config --get commit.template [39ms]
2024-10-26 23:41:22.268 [info] > git for-each-ref --format=%(refname)%00%(upstream:short)%00%(objectname)%00%(upstream:track)%00%(upstream:remotename)%00%(upstream:remoteref) refs/heads/main refs/remotes/main [5ms]
2024-10-26 23:41:22.339 [info] > git for-each-ref --sort -committerdate --format %(refname) %(objectname) %(*objectname) [3ms]
2024-10-26 23:41:22.359 [info] > git status -z -uall [40ms]
2024-10-26 23:41:25.559 [info] > git config --get commit.template [7ms]
2024-10-26 23:41:25.569 [info] > git for-each-ref --format=%(refname)%00%(upstream:short)%00%(objectname)%00%(upstream:track)%00%(upstream:remotename)%00%(upstream:remoteref) refs/heads/main refs/remotes/main [3ms]
2024-10-26 23:41:25.585 [info] > git for-each-ref --sort -committerdate --format %(refname) %(objectname) %(*objectname) [5ms]
2024-10-26 23:41:25.591 [info] > git status -z -uall [17ms]
2024-10-26 23:43:00.446 [info] > git config --get commit.template [13ms]
2024-10-26 23:43:00.453 [info] > git for-each-ref --format=%(refname)%00%(upstream:short)%00%(objectname)%00%(upstream:track)%00%(upstream:remotename)%00%(upstream:remoteref) refs/heads/main refs/remotes/main [7ms]
2024-10-26 23:43:00.474 [info] > git for-each-ref --sort -committerdate --format %(refname) %(objectname) %(*objectname) [4ms]
2024-10-26 23:43:00.489 [info] > git status -z -uall [27ms]
2024-10-26 23:43:11.232 [info] > git config --get commit.template [8ms]
2024-10-26 23:43:11.234 [info] > git for-each-ref --format=%(refname)%00%(upstream:short)%00%(objectname)%00%(upstream:track)%00%(upstream:remotename)%00%(upstream:remoteref) refs/heads/main refs/remotes/main [3ms]
2024-10-26 23:43:11.251 [info] > git for-each-ref --sort -committerdate --format %(refname) %(objectname) %(*objectname) [4ms]
2024-10-26 23:43:11.259 [info] > git status -z -uall [17ms]
2024-10-26 23:43:45.460 [info] > git for-each-ref --format=%(refname)%00%(upstream:short)%00%(objectname)%00%(upstream:track)%00%(upstream:remotename)%00%(upstream:remoteref) refs/heads/main refs/remotes/main [1ms]
2024-10-26 23:43:45.461 [info] > git config --get commit.template [13ms]
2024-10-26 23:43:45.496 [info] > git for-each-ref --sort -committerdate --format %(refname) %(objectname) %(*objectname) [2ms]
2024-10-26 23:43:45.519 [info] > git status -z -uall [37ms]
